09-Feb-2024 12:26:10.647 INFO [main] org.apache.catalina.startup.VersionLoggerListener.log Server version name:   Apache Tomcat/10.1.10
09-Feb-2024 12:26:10.650 INFO [main] org.apache.catalina.startup.VersionLoggerListener.log Server built:          Jun 2 2023 18:11:59 UTC
09-Feb-2024 12:26:10.650 INFO [main] org.apache.catalina.startup.VersionLoggerListener.log Server version number: 10.1.10.0
09-Feb-2024 12:26:10.650 INFO [main] org.apache.catalina.startup.VersionLoggerListener.log OS Name:               Linux
09-Feb-2024 12:26:10.650 INFO [main] org.apache.catalina.startup.VersionLoggerListener.log OS Version:            6.5.0-14-generic
09-Feb-2024 12:26:10.650 INFO [main] org.apache.catalina.startup.VersionLoggerListener.log Architecture:          amd64
09-Feb-2024 12:26:10.650 INFO [main] org.apache.catalina.startup.VersionLoggerListener.log Java Home:             /usr/lib/jvm/java-17-openjdk-17.0.7.0.7-3.el8.x86_64
09-Feb-2024 12:26:10.650 INFO [main] org.apache.catalina.startup.VersionLoggerListener.log JVM Version:           17.0.7+7-LTS
09-Feb-2024 12:26:10.650 INFO [main] org.apache.catalina.startup.VersionLoggerListener.log JVM Vendor:            Red Hat, Inc.
09-Feb-2024 12:26:10.650 INFO [main] org.apache.catalina.startup.VersionLoggerListener.log CATALINA_BASE:         /usr/local/tomcat
09-Feb-2024 12:26:10.650 INFO [main] org.apache.catalina.startup.VersionLoggerListener.log CATALINA_HOME:         /usr/local/tomcat
09-Feb-2024 12:26:10.654 INFO [main] org.apache.catalina.core.AprLifecycleListener.lifecycleEvent An older version [1.2.37] of the Apache Tomcat Native library is installed, while Tomcat recommends a minimum version of [2.0.1]
09-Feb-2024 12:26:10.654 INFO [main] org.apache.catalina.core.AprLifecycleListener.lifecycleEvent Loaded Apache Tomcat Native library [1.2.37] using APR version [1.6.3].
09-Feb-2024 12:26:10.655 INFO [main] org.apache.catalina.core.AprLifecycleListener.initializeSSL OpenSSL successfully initialized [OpenSSL 1.1.1k  FIPS 25 Mar 2021]
09-Feb-2024 12:26:10.788 INFO [main] org.apache.coyote.AbstractProtocol.init Initializing ProtocolHandler ["http-nio-8080"]
09-Feb-2024 12:26:10.808 INFO [main] org.apache.catalina.startup.Catalina.load Server initialization in [243] milliseconds
09-Feb-2024 12:26:10.837 INFO [main] org.apache.catalina.core.StandardService.startInternal Starting service [Catalina]
09-Feb-2024 12:26:10.837 INFO [main] org.apache.catalina.core.StandardEngine.startInternal Starting Servlet engine: [Apache Tomcat/10.1.10]
09-Feb-2024 12:26:10.845 INFO [main] org.apache.catalina.startup.HostConfig.deployDirectory Deploying web application directory [/usr/local/tomcat/webapps/share]
09-Feb-2024 12:26:13.743 INFO [main] org.apache.jasper.servlet.TldScanner.scanJars At least one JAR was scanned for TLDs yet contained no TLDs. Enable debug logging for this logger for a complete list of JARs that were scanned but no TLDs were found in them. Skipping unneeded JARs during scanning can improve startup time and JSP compilation time.
09-Feb-2024 12:26:16.917 INFO [main] org.apache.catalina.startup.HostConfig.deployDirectory Deployment of web application directory [/usr/local/tomcat/webapps/share] has finished in [6,070] ms
09-Feb-2024 12:26:16.919 INFO [main] org.apache.coyote.AbstractProtocol.start Starting ProtocolHandler ["http-nio-8080"]
09-Feb-2024 12:26:16.929 INFO [main] org.apache.catalina.startup.Catalina.start Server startup in [6120] milliseconds
09-Feb-2024 12:32:54.312 INFO [main] org.apache.catalina.startup.VersionLoggerListener.log Server version name:   Apache Tomcat/10.1.10
09-Feb-2024 12:32:54.314 INFO [main] org.apache.catalina.startup.VersionLoggerListener.log Server built:          Jun 2 2023 18:11:59 UTC
09-Feb-2024 12:32:54.314 INFO [main] org.apache.catalina.startup.VersionLoggerListener.log Server version number: 10.1.10.0
09-Feb-2024 12:32:54.314 INFO [main] org.apache.catalina.startup.VersionLoggerListener.log OS Name:               Linux
09-Feb-2024 12:32:54.314 INFO [main] org.apache.catalina.startup.VersionLoggerListener.log OS Version:            6.5.0-14-generic
09-Feb-2024 12:32:54.314 INFO [main] org.apache.catalina.startup.VersionLoggerListener.log Architecture:          amd64
09-Feb-2024 12:32:54.314 INFO [main] org.apache.catalina.startup.VersionLoggerListener.log Java Home:             /usr/lib/jvm/java-17-openjdk-17.0.7.0.7-3.el8.x86_64
09-Feb-2024 12:32:54.314 INFO [main] org.apache.catalina.startup.VersionLoggerListener.log JVM Version:           17.0.7+7-LTS
09-Feb-2024 12:32:54.314 INFO [main] org.apache.catalina.startup.VersionLoggerListener.log JVM Vendor:            Red Hat, Inc.
09-Feb-2024 12:32:54.314 INFO [main] org.apache.catalina.startup.VersionLoggerListener.log CATALINA_BASE:         /usr/local/tomcat
09-Feb-2024 12:32:54.314 INFO [main] org.apache.catalina.startup.VersionLoggerListener.log CATALINA_HOME:         /usr/local/tomcat
09-Feb-2024 12:32:54.316 INFO [main] org.apache.catalina.core.AprLifecycleListener.lifecycleEvent An older version [1.2.37] of the Apache Tomcat Native library is installed, while Tomcat recommends a minimum version of [2.0.1]
09-Feb-2024 12:32:54.316 INFO [main] org.apache.catalina.core.AprLifecycleListener.lifecycleEvent Loaded Apache Tomcat Native library [1.2.37] using APR version [1.6.3].
09-Feb-2024 12:32:54.317 INFO [main] org.apache.catalina.core.AprLifecycleListener.initializeSSL OpenSSL successfully initialized [OpenSSL 1.1.1k  FIPS 25 Mar 2021]
09-Feb-2024 12:32:54.453 INFO [main] org.apache.coyote.AbstractProtocol.init Initializing ProtocolHandler ["http-nio-8080"]
09-Feb-2024 12:32:54.463 INFO [main] org.apache.catalina.startup.Catalina.load Server initialization in [233] milliseconds
09-Feb-2024 12:32:54.487 INFO [main] org.apache.catalina.core.StandardService.startInternal Starting service [Catalina]
09-Feb-2024 12:32:54.487 INFO [main] org.apache.catalina.core.StandardEngine.startInternal Starting Servlet engine: [Apache Tomcat/10.1.10]
09-Feb-2024 12:32:54.492 INFO [main] org.apache.catalina.startup.HostConfig.deployDirectory Deploying web application directory [/usr/local/tomcat/webapps/share]
09-Feb-2024 12:32:57.384 INFO [main] org.apache.jasper.servlet.TldScanner.scanJars At least one JAR was scanned for TLDs yet contained no TLDs. Enable debug logging for this logger for a complete list of JARs that were scanned but no TLDs were found in them. Skipping unneeded JARs during scanning can improve startup time and JSP compilation time.
09-Feb-2024 12:33:00.619 INFO [main] org.apache.catalina.startup.HostConfig.deployDirectory Deployment of web application directory [/usr/local/tomcat/webapps/share] has finished in [6,126] ms
09-Feb-2024 12:33:00.621 INFO [main] org.apache.coyote.AbstractProtocol.start Starting ProtocolHandler ["http-nio-8080"]
09-Feb-2024 12:33:00.627 INFO [main] org.apache.catalina.startup.Catalina.start Server startup in [6164] milliseconds
09-Feb-2024 12:42:24.175 INFO [main] org.apache.catalina.startup.VersionLoggerListener.log Server version name:   Apache Tomcat/10.1.10
09-Feb-2024 12:42:24.176 INFO [main] org.apache.catalina.startup.VersionLoggerListener.log Server built:          Jun 2 2023 18:11:59 UTC
09-Feb-2024 12:42:24.177 INFO [main] org.apache.catalina.startup.VersionLoggerListener.log Server version number: 10.1.10.0
09-Feb-2024 12:42:24.177 INFO [main] org.apache.catalina.startup.VersionLoggerListener.log OS Name:               Linux
09-Feb-2024 12:42:24.177 INFO [main] org.apache.catalina.startup.VersionLoggerListener.log OS Version:            6.5.0-14-generic
09-Feb-2024 12:42:24.177 INFO [main] org.apache.catalina.startup.VersionLoggerListener.log Architecture:          amd64
09-Feb-2024 12:42:24.177 INFO [main] org.apache.catalina.startup.VersionLoggerListener.log Java Home:             /usr/lib/jvm/java-17-openjdk-17.0.7.0.7-3.el8.x86_64
09-Feb-2024 12:42:24.177 INFO [main] org.apache.catalina.startup.VersionLoggerListener.log JVM Version:           17.0.7+7-LTS
09-Feb-2024 12:42:24.177 INFO [main] org.apache.catalina.startup.VersionLoggerListener.log JVM Vendor:            Red Hat, Inc.
09-Feb-2024 12:42:24.177 INFO [main] org.apache.catalina.startup.VersionLoggerListener.log CATALINA_BASE:         /usr/local/tomcat
09-Feb-2024 12:42:24.177 INFO [main] org.apache.catalina.startup.VersionLoggerListener.log CATALINA_HOME:         /usr/local/tomcat
09-Feb-2024 12:42:24.179 INFO [main] org.apache.catalina.core.AprLifecycleListener.lifecycleEvent An older version [1.2.37] of the Apache Tomcat Native library is installed, while Tomcat recommends a minimum version of [2.0.1]
09-Feb-2024 12:42:24.179 INFO [main] org.apache.catalina.core.AprLifecycleListener.lifecycleEvent Loaded Apache Tomcat Native library [1.2.37] using APR version [1.6.3].
09-Feb-2024 12:42:24.180 INFO [main] org.apache.catalina.core.AprLifecycleListener.initializeSSL OpenSSL successfully initialized [OpenSSL 1.1.1k  FIPS 25 Mar 2021]
09-Feb-2024 12:42:24.285 INFO [main] org.apache.coyote.AbstractProtocol.init Initializing ProtocolHandler ["http-nio-8080"]
09-Feb-2024 12:42:24.299 INFO [main] org.apache.catalina.startup.Catalina.load Server initialization in [200] milliseconds
09-Feb-2024 12:42:24.327 INFO [main] org.apache.catalina.core.StandardService.startInternal Starting service [Catalina]
09-Feb-2024 12:42:24.328 INFO [main] org.apache.catalina.core.StandardEngine.startInternal Starting Servlet engine: [Apache Tomcat/10.1.10]
09-Feb-2024 12:42:24.332 INFO [main] org.apache.catalina.startup.HostConfig.deployDirectory Deploying web application directory [/usr/local/tomcat/webapps/share]
09-Feb-2024 12:42:27.220 INFO [main] org.apache.jasper.servlet.TldScanner.scanJars At least one JAR was scanned for TLDs yet contained no TLDs. Enable debug logging for this logger for a complete list of JARs that were scanned but no TLDs were found in them. Skipping unneeded JARs during scanning can improve startup time and JSP compilation time.
09-Feb-2024 12:42:30.422 INFO [main] org.apache.catalina.startup.HostConfig.deployDirectory Deployment of web application directory [/usr/local/tomcat/webapps/share] has finished in [6,089] ms
09-Feb-2024 12:42:30.424 INFO [main] org.apache.coyote.AbstractProtocol.start Starting ProtocolHandler ["http-nio-8080"]
09-Feb-2024 12:42:30.431 INFO [main] org.apache.catalina.startup.Catalina.start Server startup in [6131] milliseconds
09-Feb-2024 12:45:07.457 INFO [main] org.apache.catalina.startup.VersionLoggerListener.log Server version name:   Apache Tomcat/10.1.10
09-Feb-2024 12:45:07.458 INFO [main] org.apache.catalina.startup.VersionLoggerListener.log Server built:          Jun 2 2023 18:11:59 UTC
09-Feb-2024 12:45:07.459 INFO [main] org.apache.catalina.startup.VersionLoggerListener.log Server version number: 10.1.10.0
09-Feb-2024 12:45:07.459 INFO [main] org.apache.catalina.startup.VersionLoggerListener.log OS Name:               Linux
09-Feb-2024 12:45:07.459 INFO [main] org.apache.catalina.startup.VersionLoggerListener.log OS Version:            6.5.0-14-generic
09-Feb-2024 12:45:07.459 INFO [main] org.apache.catalina.startup.VersionLoggerListener.log Architecture:          amd64
09-Feb-2024 12:45:07.459 INFO [main] org.apache.catalina.startup.VersionLoggerListener.log Java Home:             /usr/lib/jvm/java-17-openjdk-17.0.7.0.7-3.el8.x86_64
09-Feb-2024 12:45:07.459 INFO [main] org.apache.catalina.startup.VersionLoggerListener.log JVM Version:           17.0.7+7-LTS
09-Feb-2024 12:45:07.459 INFO [main] org.apache.catalina.startup.VersionLoggerListener.log JVM Vendor:            Red Hat, Inc.
09-Feb-2024 12:45:07.459 INFO [main] org.apache.catalina.startup.VersionLoggerListener.log CATALINA_BASE:         /usr/local/tomcat
09-Feb-2024 12:45:07.459 INFO [main] org.apache.catalina.startup.VersionLoggerListener.log CATALINA_HOME:         /usr/local/tomcat
09-Feb-2024 12:45:07.461 INFO [main] org.apache.catalina.core.AprLifecycleListener.lifecycleEvent An older version [1.2.37] of the Apache Tomcat Native library is installed, while Tomcat recommends a minimum version of [2.0.1]
09-Feb-2024 12:45:07.461 INFO [main] org.apache.catalina.core.AprLifecycleListener.lifecycleEvent Loaded Apache Tomcat Native library [1.2.37] using APR version [1.6.3].
09-Feb-2024 12:45:07.463 INFO [main] org.apache.catalina.core.AprLifecycleListener.initializeSSL OpenSSL successfully initialized [OpenSSL 1.1.1k  FIPS 25 Mar 2021]
09-Feb-2024 12:45:07.588 INFO [main] org.apache.coyote.AbstractProtocol.init Initializing ProtocolHandler ["http-nio-8080"]
09-Feb-2024 12:45:07.603 INFO [main] org.apache.catalina.startup.Catalina.load Server initialization in [226] milliseconds
09-Feb-2024 12:45:07.632 INFO [main] org.apache.catalina.core.StandardService.startInternal Starting service [Catalina]
09-Feb-2024 12:45:07.632 INFO [main] org.apache.catalina.core.StandardEngine.startInternal Starting Servlet engine: [Apache Tomcat/10.1.10]
09-Feb-2024 12:45:07.636 INFO [main] org.apache.catalina.startup.HostConfig.deployDirectory Deploying web application directory [/usr/local/tomcat/webapps/share]
09-Feb-2024 12:45:10.577 INFO [main] org.apache.jasper.servlet.TldScanner.scanJars At least one JAR was scanned for TLDs yet contained no TLDs. Enable debug logging for this logger for a complete list of JARs that were scanned but no TLDs were found in them. Skipping unneeded JARs during scanning can improve startup time and JSP compilation time.
09-Feb-2024 12:45:13.648 INFO [main] org.apache.catalina.startup.HostConfig.deployDirectory Deployment of web application directory [/usr/local/tomcat/webapps/share] has finished in [6,010] ms
09-Feb-2024 12:45:13.650 INFO [main] org.apache.coyote.AbstractProtocol.start Starting ProtocolHandler ["http-nio-8080"]
09-Feb-2024 12:45:13.658 INFO [main] org.apache.catalina.startup.Catalina.start Server startup in [6054] milliseconds
09-Feb-2024 12:54:41.570 INFO [main] org.apache.catalina.startup.VersionLoggerListener.log Server version name:   Apache Tomcat/10.1.10
09-Feb-2024 12:54:41.573 INFO [main] org.apache.catalina.startup.VersionLoggerListener.log Server built:          Jun 2 2023 18:11:59 UTC
09-Feb-2024 12:54:41.573 INFO [main] org.apache.catalina.startup.VersionLoggerListener.log Server version number: 10.1.10.0
09-Feb-2024 12:54:41.573 INFO [main] org.apache.catalina.startup.VersionLoggerListener.log OS Name:               Linux
09-Feb-2024 12:54:41.573 INFO [main] org.apache.catalina.startup.VersionLoggerListener.log OS Version:            6.5.0-14-generic
09-Feb-2024 12:54:41.573 INFO [main] org.apache.catalina.startup.VersionLoggerListener.log Architecture:          amd64
09-Feb-2024 12:54:41.573 INFO [main] org.apache.catalina.startup.VersionLoggerListener.log Java Home:             /usr/lib/jvm/java-17-openjdk-17.0.7.0.7-3.el8.x86_64
09-Feb-2024 12:54:41.573 INFO [main] org.apache.catalina.startup.VersionLoggerListener.log JVM Version:           17.0.7+7-LTS
09-Feb-2024 12:54:41.573 INFO [main] org.apache.catalina.startup.VersionLoggerListener.log JVM Vendor:            Red Hat, Inc.
09-Feb-2024 12:54:41.573 INFO [main] org.apache.catalina.startup.VersionLoggerListener.log CATALINA_BASE:         /usr/local/tomcat
09-Feb-2024 12:54:41.573 INFO [main] org.apache.catalina.startup.VersionLoggerListener.log CATALINA_HOME:         /usr/local/tomcat
09-Feb-2024 12:54:41.576 INFO [main] org.apache.catalina.core.AprLifecycleListener.lifecycleEvent An older version [1.2.37] of the Apache Tomcat Native library is installed, while Tomcat recommends a minimum version of [2.0.1]
09-Feb-2024 12:54:41.576 INFO [main] org.apache.catalina.core.AprLifecycleListener.lifecycleEvent Loaded Apache Tomcat Native library [1.2.37] using APR version [1.6.3].
09-Feb-2024 12:54:41.578 INFO [main] org.apache.catalina.core.AprLifecycleListener.initializeSSL OpenSSL successfully initialized [OpenSSL 1.1.1k  FIPS 25 Mar 2021]
09-Feb-2024 12:54:41.742 INFO [main] org.apache.coyote.AbstractProtocol.init Initializing ProtocolHandler ["http-nio-8080"]
09-Feb-2024 12:54:41.753 INFO [main] org.apache.catalina.startup.Catalina.load Server initialization in [278] milliseconds
09-Feb-2024 12:54:41.781 INFO [main] org.apache.catalina.core.StandardService.startInternal Starting service [Catalina]
09-Feb-2024 12:54:41.781 INFO [main] org.apache.catalina.core.StandardEngine.startInternal Starting Servlet engine: [Apache Tomcat/10.1.10]
09-Feb-2024 12:54:41.786 INFO [main] org.apache.catalina.startup.HostConfig.deployDirectory Deploying web application directory [/usr/local/tomcat/webapps/share]
09-Feb-2024 12:54:44.731 INFO [main] org.apache.jasper.servlet.TldScanner.scanJars At least one JAR was scanned for TLDs yet contained no TLDs. Enable debug logging for this logger for a complete list of JARs that were scanned but no TLDs were found in them. Skipping unneeded JARs during scanning can improve startup time and JSP compilation time.
09-Feb-2024 12:54:47.988 INFO [main] org.apache.catalina.startup.HostConfig.deployDirectory Deployment of web application directory [/usr/local/tomcat/webapps/share] has finished in [6,200] ms
09-Feb-2024 12:54:47.991 INFO [main] org.apache.coyote.AbstractProtocol.start Starting ProtocolHandler ["http-nio-8080"]
09-Feb-2024 12:54:47.999 INFO [main] org.apache.catalina.startup.Catalina.start Server startup in [6245] milliseconds
09-Feb-2024 13:02:11.568 INFO [main] org.apache.catalina.startup.VersionLoggerListener.log Server version name:   Apache Tomcat/10.1.10
09-Feb-2024 13:02:11.571 INFO [main] org.apache.catalina.startup.VersionLoggerListener.log Server built:          Jun 2 2023 18:11:59 UTC
09-Feb-2024 13:02:11.571 INFO [main] org.apache.catalina.startup.VersionLoggerListener.log Server version number: 10.1.10.0
09-Feb-2024 13:02:11.571 INFO [main] org.apache.catalina.startup.VersionLoggerListener.log OS Name:               Linux
09-Feb-2024 13:02:11.571 INFO [main] org.apache.catalina.startup.VersionLoggerListener.log OS Version:            6.4.16-linuxkit
09-Feb-2024 13:02:11.572 INFO [main] org.apache.catalina.startup.VersionLoggerListener.log Architecture:          amd64
09-Feb-2024 13:02:11.572 INFO [main] org.apache.catalina.startup.VersionLoggerListener.log Java Home:             /usr/lib/jvm/java-17-openjdk-17.0.7.0.7-3.el8.x86_64
09-Feb-2024 13:02:11.572 INFO [main] org.apache.catalina.startup.VersionLoggerListener.log JVM Version:           17.0.7+7-LTS
09-Feb-2024 13:02:11.572 INFO [main] org.apache.catalina.startup.VersionLoggerListener.log JVM Vendor:            Red Hat, Inc.
09-Feb-2024 13:02:11.572 INFO [main] org.apache.catalina.startup.VersionLoggerListener.log CATALINA_BASE:         /usr/local/tomcat
09-Feb-2024 13:02:11.572 INFO [main] org.apache.catalina.startup.VersionLoggerListener.log CATALINA_HOME:         /usr/local/tomcat
09-Feb-2024 13:02:11.599 INFO [main] org.apache.catalina.core.AprLifecycleListener.lifecycleEvent An older version [1.2.37] of the Apache Tomcat Native library is installed, while Tomcat recommends a minimum version of [2.0.1]
09-Feb-2024 13:02:11.599 INFO [main] org.apache.catalina.core.AprLifecycleListener.lifecycleEvent Loaded Apache Tomcat Native library [1.2.37] using APR version [1.6.3].
09-Feb-2024 13:02:11.600 INFO [main] org.apache.catalina.core.AprLifecycleListener.initializeSSL OpenSSL successfully initialized [OpenSSL 1.1.1k  FIPS 25 Mar 2021]
09-Feb-2024 13:02:11.753 INFO [main] org.apache.coyote.AbstractProtocol.init Initializing ProtocolHandler ["http-nio-8080"]
09-Feb-2024 13:02:11.769 INFO [main] org.apache.catalina.startup.Catalina.load Server initialization in [366] milliseconds
09-Feb-2024 13:02:11.804 INFO [main] org.apache.catalina.core.StandardService.startInternal Starting service [Catalina]
09-Feb-2024 13:02:11.807 INFO [main] org.apache.catalina.core.StandardEngine.startInternal Starting Servlet engine: [Apache Tomcat/10.1.10]
09-Feb-2024 13:02:11.823 INFO [main] org.apache.catalina.startup.HostConfig.deployDirectory Deploying web application directory [/usr/local/tomcat/webapps/share]
09-Feb-2024 13:02:15.127 INFO [main] org.apache.jasper.servlet.TldScanner.scanJars At least one JAR was scanned for TLDs yet contained no TLDs. Enable debug logging for this logger for a complete list of JARs that were scanned but no TLDs were found in them. Skipping unneeded JARs during scanning can improve startup time and JSP compilation time.
09-Feb-2024 13:02:18.783 INFO [main] org.apache.catalina.startup.HostConfig.deployDirectory Deployment of web application directory [/usr/local/tomcat/webapps/share] has finished in [6,959] ms
09-Feb-2024 13:02:18.786 INFO [main] org.apache.coyote.AbstractProtocol.start Starting ProtocolHandler ["http-nio-8080"]
09-Feb-2024 13:02:18.798 INFO [main] org.apache.catalina.startup.Catalina.start Server startup in [7027] milliseconds
09-Feb-2024 13:46:13.975 INFO [main] org.apache.catalina.startup.VersionLoggerListener.log Server version name:   Apache Tomcat/10.1.10
09-Feb-2024 13:46:13.978 INFO [main] org.apache.catalina.startup.VersionLoggerListener.log Server built:          Jun 2 2023 18:11:59 UTC
09-Feb-2024 13:46:13.978 INFO [main] org.apache.catalina.startup.VersionLoggerListener.log Server version number: 10.1.10.0
09-Feb-2024 13:46:13.979 INFO [main] org.apache.catalina.startup.VersionLoggerListener.log OS Name:               Linux
09-Feb-2024 13:46:13.979 INFO [main] org.apache.catalina.startup.VersionLoggerListener.log OS Version:            6.5.0-14-generic
09-Feb-2024 13:46:13.979 INFO [main] org.apache.catalina.startup.VersionLoggerListener.log Architecture:          amd64
09-Feb-2024 13:46:13.979 INFO [main] org.apache.catalina.startup.VersionLoggerListener.log Java Home:             /usr/lib/jvm/java-17-openjdk-17.0.7.0.7-3.el8.x86_64
09-Feb-2024 13:46:13.979 INFO [main] org.apache.catalina.startup.VersionLoggerListener.log JVM Version:           17.0.7+7-LTS
09-Feb-2024 13:46:13.979 INFO [main] org.apache.catalina.startup.VersionLoggerListener.log JVM Vendor:            Red Hat, Inc.
09-Feb-2024 13:46:13.979 INFO [main] org.apache.catalina.startup.VersionLoggerListener.log CATALINA_BASE:         /usr/local/tomcat
09-Feb-2024 13:46:13.979 INFO [main] org.apache.catalina.startup.VersionLoggerListener.log CATALINA_HOME:         /usr/local/tomcat
09-Feb-2024 13:46:13.991 INFO [main] org.apache.catalina.core.AprLifecycleListener.lifecycleEvent An older version [1.2.37] of the Apache Tomcat Native library is installed, while Tomcat recommends a minimum version of [2.0.1]
09-Feb-2024 13:46:13.991 INFO [main] org.apache.catalina.core.AprLifecycleListener.lifecycleEvent Loaded Apache Tomcat Native library [1.2.37] using APR version [1.6.3].
09-Feb-2024 13:46:14.006 INFO [main] org.apache.catalina.core.AprLifecycleListener.initializeSSL OpenSSL successfully initialized [OpenSSL 1.1.1k  FIPS 25 Mar 2021]
09-Feb-2024 13:46:14.168 INFO [main] org.apache.coyote.AbstractProtocol.init Initializing ProtocolHandler ["http-nio-8080"]
09-Feb-2024 13:46:14.186 INFO [main] org.apache.catalina.startup.Catalina.load Server initialization in [331] milliseconds
09-Feb-2024 13:46:14.214 INFO [main] org.apache.catalina.core.StandardService.startInternal Starting service [Catalina]
09-Feb-2024 13:46:14.214 INFO [main] org.apache.catalina.core.StandardEngine.startInternal Starting Servlet engine: [Apache Tomcat/10.1.10]
09-Feb-2024 13:46:14.220 INFO [main] org.apache.catalina.startup.HostConfig.deployDirectory Deploying web application directory [/usr/local/tomcat/webapps/share]
09-Feb-2024 13:46:17.324 INFO [main] org.apache.jasper.servlet.TldScanner.scanJars At least one JAR was scanned for TLDs yet contained no TLDs. Enable debug logging for this logger for a complete list of JARs that were scanned but no TLDs were found in them. Skipping unneeded JARs during scanning can improve startup time and JSP compilation time.
09-Feb-2024 13:46:20.552 INFO [main] org.apache.catalina.startup.HostConfig.deployDirectory Deployment of web application directory [/usr/local/tomcat/webapps/share] has finished in [6,330] ms
09-Feb-2024 13:46:20.554 INFO [main] org.apache.coyote.AbstractProtocol.start Starting ProtocolHandler ["http-nio-8080"]
09-Feb-2024 13:46:20.563 INFO [main] org.apache.catalina.startup.Catalina.start Server startup in [6376] milliseconds
09-Feb-2024 13:57:06.481 INFO [main] org.apache.catalina.startup.VersionLoggerListener.log Server version name:   Apache Tomcat/10.1.10
09-Feb-2024 13:57:06.486 INFO [main] org.apache.catalina.startup.VersionLoggerListener.log Server built:          Jun 2 2023 18:11:59 UTC
09-Feb-2024 13:57:06.486 INFO [main] org.apache.catalina.startup.VersionLoggerListener.log Server version number: 10.1.10.0
09-Feb-2024 13:57:06.486 INFO [main] org.apache.catalina.startup.VersionLoggerListener.log OS Name:               Linux
09-Feb-2024 13:57:06.486 INFO [main] org.apache.catalina.startup.VersionLoggerListener.log OS Version:            6.4.16-linuxkit
09-Feb-2024 13:57:06.486 INFO [main] org.apache.catalina.startup.VersionLoggerListener.log Architecture:          amd64
09-Feb-2024 13:57:06.487 INFO [main] org.apache.catalina.startup.VersionLoggerListener.log Java Home:             /usr/lib/jvm/java-17-openjdk-17.0.7.0.7-3.el8.x86_64
09-Feb-2024 13:57:06.487 INFO [main] org.apache.catalina.startup.VersionLoggerListener.log JVM Version:           17.0.7+7-LTS
09-Feb-2024 13:57:06.487 INFO [main] org.apache.catalina.startup.VersionLoggerListener.log JVM Vendor:            Red Hat, Inc.
09-Feb-2024 13:57:06.487 INFO [main] org.apache.catalina.startup.VersionLoggerListener.log CATALINA_BASE:         /usr/local/tomcat
09-Feb-2024 13:57:06.487 INFO [main] org.apache.catalina.startup.VersionLoggerListener.log CATALINA_HOME:         /usr/local/tomcat
09-Feb-2024 13:57:06.491 INFO [main] org.apache.catalina.core.AprLifecycleListener.lifecycleEvent An older version [1.2.37] of the Apache Tomcat Native library is installed, while Tomcat recommends a minimum version of [2.0.1]
09-Feb-2024 13:57:06.491 INFO [main] org.apache.catalina.core.AprLifecycleListener.lifecycleEvent Loaded Apache Tomcat Native library [1.2.37] using APR version [1.6.3].
09-Feb-2024 13:57:06.493 INFO [main] org.apache.catalina.core.AprLifecycleListener.initializeSSL OpenSSL successfully initialized [OpenSSL 1.1.1k  FIPS 25 Mar 2021]
09-Feb-2024 13:57:06.690 INFO [main] org.apache.coyote.AbstractProtocol.init Initializing ProtocolHandler ["http-nio-8080"]
09-Feb-2024 13:57:06.710 INFO [main] org.apache.catalina.startup.Catalina.load Server initialization in [378] milliseconds
09-Feb-2024 13:57:06.743 INFO [main] org.apache.catalina.core.StandardService.startInternal Starting service [Catalina]
09-Feb-2024 13:57:06.743 INFO [main] org.apache.catalina.core.StandardEngine.startInternal Starting Servlet engine: [Apache Tomcat/10.1.10]
09-Feb-2024 13:57:06.752 INFO [main] org.apache.catalina.startup.HostConfig.deployDirectory Deploying web application directory [/usr/local/tomcat/webapps/share]
09-Feb-2024 13:57:09.730 INFO [main] org.apache.jasper.servlet.TldScanner.scanJars At least one JAR was scanned for TLDs yet contained no TLDs. Enable debug logging for this logger for a complete list of JARs that were scanned but no TLDs were found in them. Skipping unneeded JARs during scanning can improve startup time and JSP compilation time.
09-Feb-2024 13:57:12.875 INFO [main] org.apache.catalina.startup.HostConfig.deployDirectory Deployment of web application directory [/usr/local/tomcat/webapps/share] has finished in [6,122] ms
09-Feb-2024 13:57:12.876 INFO [main] org.apache.coyote.AbstractProtocol.start Starting ProtocolHandler ["http-nio-8080"]
09-Feb-2024 13:57:12.883 INFO [main] org.apache.catalina.startup.Catalina.start Server startup in [6173] milliseconds
09-Feb-2024 14:03:36.838 INFO [main] org.apache.catalina.startup.VersionLoggerListener.log Server version name:   Apache Tomcat/10.1.10
09-Feb-2024 14:03:36.842 INFO [main] org.apache.catalina.startup.VersionLoggerListener.log Server built:          Jun 2 2023 18:11:59 UTC
09-Feb-2024 14:03:36.842 INFO [main] org.apache.catalina.startup.VersionLoggerListener.log Server version number: 10.1.10.0
09-Feb-2024 14:03:36.842 INFO [main] org.apache.catalina.startup.VersionLoggerListener.log OS Name:               Linux
09-Feb-2024 14:03:36.842 INFO [main] org.apache.catalina.startup.VersionLoggerListener.log OS Version:            6.4.16-linuxkit
09-Feb-2024 14:03:36.842 INFO [main] org.apache.catalina.startup.VersionLoggerListener.log Architecture:          amd64
09-Feb-2024 14:03:36.842 INFO [main] org.apache.catalina.startup.VersionLoggerListener.log Java Home:             /usr/lib/jvm/java-17-openjdk-17.0.7.0.7-3.el8.x86_64
09-Feb-2024 14:03:36.842 INFO [main] org.apache.catalina.startup.VersionLoggerListener.log JVM Version:           17.0.7+7-LTS
09-Feb-2024 14:03:36.842 INFO [main] org.apache.catalina.startup.VersionLoggerListener.log JVM Vendor:            Red Hat, Inc.
09-Feb-2024 14:03:36.843 INFO [main] org.apache.catalina.startup.VersionLoggerListener.log CATALINA_BASE:         /usr/local/tomcat
09-Feb-2024 14:03:36.843 INFO [main] org.apache.catalina.startup.VersionLoggerListener.log CATALINA_HOME:         /usr/local/tomcat
09-Feb-2024 14:03:36.846 INFO [main] org.apache.catalina.core.AprLifecycleListener.lifecycleEvent An older version [1.2.37] of the Apache Tomcat Native library is installed, while Tomcat recommends a minimum version of [2.0.1]
09-Feb-2024 14:03:36.846 INFO [main] org.apache.catalina.core.AprLifecycleListener.lifecycleEvent Loaded Apache Tomcat Native library [1.2.37] using APR version [1.6.3].
09-Feb-2024 14:03:36.848 INFO [main] org.apache.catalina.core.AprLifecycleListener.initializeSSL OpenSSL successfully initialized [OpenSSL 1.1.1k  FIPS 25 Mar 2021]
09-Feb-2024 14:03:37.034 INFO [main] org.apache.coyote.AbstractProtocol.init Initializing ProtocolHandler ["http-nio-8080"]
09-Feb-2024 14:03:37.051 INFO [main] org.apache.catalina.startup.Catalina.load Server initialization in [338] milliseconds
09-Feb-2024 14:03:37.082 INFO [main] org.apache.catalina.core.StandardService.startInternal Starting service [Catalina]
09-Feb-2024 14:03:37.082 INFO [main] org.apache.catalina.core.StandardEngine.startInternal Starting Servlet engine: [Apache Tomcat/10.1.10]
09-Feb-2024 14:03:37.090 INFO [main] org.apache.catalina.startup.HostConfig.deployDirectory Deploying web application directory [/usr/local/tomcat/webapps/share]
09-Feb-2024 14:03:39.975 INFO [main] org.apache.jasper.servlet.TldScanner.scanJars At least one JAR was scanned for TLDs yet contained no TLDs. Enable debug logging for this logger for a complete list of JARs that were scanned but no TLDs were found in them. Skipping unneeded JARs during scanning can improve startup time and JSP compilation time.
09-Feb-2024 14:03:43.220 INFO [main] org.apache.catalina.startup.HostConfig.deployDirectory Deployment of web application directory [/usr/local/tomcat/webapps/share] has finished in [6,129] ms
09-Feb-2024 14:03:43.223 INFO [main] org.apache.coyote.AbstractProtocol.start Starting ProtocolHandler ["http-nio-8080"]
09-Feb-2024 14:03:43.230 INFO [main] org.apache.catalina.startup.Catalina.start Server startup in [6178] milliseconds
09-Feb-2024 14:05:23.174 INFO [main] org.apache.catalina.startup.VersionLoggerListener.log Server version name:   Apache Tomcat/10.1.10
09-Feb-2024 14:05:23.177 INFO [main] org.apache.catalina.startup.VersionLoggerListener.log Server built:          Jun 2 2023 18:11:59 UTC
09-Feb-2024 14:05:23.177 INFO [main] org.apache.catalina.startup.VersionLoggerListener.log Server version number: 10.1.10.0
09-Feb-2024 14:05:23.177 INFO [main] org.apache.catalina.startup.VersionLoggerListener.log OS Name:               Linux
09-Feb-2024 14:05:23.178 INFO [main] org.apache.catalina.startup.VersionLoggerListener.log OS Version:            6.4.16-linuxkit
09-Feb-2024 14:05:23.178 INFO [main] org.apache.catalina.startup.VersionLoggerListener.log Architecture:          amd64
09-Feb-2024 14:05:23.178 INFO [main] org.apache.catalina.startup.VersionLoggerListener.log Java Home:             /usr/lib/jvm/java-17-openjdk-17.0.7.0.7-3.el8.x86_64
09-Feb-2024 14:05:23.178 INFO [main] org.apache.catalina.startup.VersionLoggerListener.log JVM Version:           17.0.7+7-LTS
09-Feb-2024 14:05:23.178 INFO [main] org.apache.catalina.startup.VersionLoggerListener.log JVM Vendor:            Red Hat, Inc.
09-Feb-2024 14:05:23.178 INFO [main] org.apache.catalina.startup.VersionLoggerListener.log CATALINA_BASE:         /usr/local/tomcat
09-Feb-2024 14:05:23.178 INFO [main] org.apache.catalina.startup.VersionLoggerListener.log CATALINA_HOME:         /usr/local/tomcat
09-Feb-2024 14:05:23.182 INFO [main] org.apache.catalina.core.AprLifecycleListener.lifecycleEvent An older version [1.2.37] of the Apache Tomcat Native library is installed, while Tomcat recommends a minimum version of [2.0.1]
09-Feb-2024 14:05:23.182 INFO [main] org.apache.catalina.core.AprLifecycleListener.lifecycleEvent Loaded Apache Tomcat Native library [1.2.37] using APR version [1.6.3].
09-Feb-2024 14:05:23.184 INFO [main] org.apache.catalina.core.AprLifecycleListener.initializeSSL OpenSSL successfully initialized [OpenSSL 1.1.1k  FIPS 25 Mar 2021]
09-Feb-2024 14:05:23.429 INFO [main] org.apache.coyote.AbstractProtocol.init Initializing ProtocolHandler ["http-nio-8080"]
09-Feb-2024 14:05:23.450 INFO [main] org.apache.catalina.startup.Catalina.load Server initialization in [384] milliseconds
09-Feb-2024 14:05:23.491 INFO [main] org.apache.catalina.core.StandardService.startInternal Starting service [Catalina]
09-Feb-2024 14:05:23.491 INFO [main] org.apache.catalina.core.StandardEngine.startInternal Starting Servlet engine: [Apache Tomcat/10.1.10]
09-Feb-2024 14:05:23.502 INFO [main] org.apache.catalina.startup.HostConfig.deployDirectory Deploying web application directory [/usr/local/tomcat/webapps/share]
09-Feb-2024 14:05:26.533 INFO [main] org.apache.jasper.servlet.TldScanner.scanJars At least one JAR was scanned for TLDs yet contained no TLDs. Enable debug logging for this logger for a complete list of JARs that were scanned but no TLDs were found in them. Skipping unneeded JARs during scanning can improve startup time and JSP compilation time.
09-Feb-2024 14:05:29.872 INFO [main] org.apache.catalina.startup.HostConfig.deployDirectory Deployment of web application directory [/usr/local/tomcat/webapps/share] has finished in [6,369] ms
09-Feb-2024 14:05:29.875 INFO [main] org.apache.coyote.AbstractProtocol.start Starting ProtocolHandler ["http-nio-8080"]
09-Feb-2024 14:05:29.883 INFO [main] org.apache.catalina.startup.Catalina.start Server startup in [6432] milliseconds
09-Feb-2024 14:10:44.419 INFO [main] org.apache.catalina.startup.VersionLoggerListener.log Server version name:   Apache Tomcat/10.1.10
09-Feb-2024 14:10:44.421 INFO [main] org.apache.catalina.startup.VersionLoggerListener.log Server built:          Jun 2 2023 18:11:59 UTC
09-Feb-2024 14:10:44.421 INFO [main] org.apache.catalina.startup.VersionLoggerListener.log Server version number: 10.1.10.0
09-Feb-2024 14:10:44.421 INFO [main] org.apache.catalina.startup.VersionLoggerListener.log OS Name:               Linux
09-Feb-2024 14:10:44.421 INFO [main] org.apache.catalina.startup.VersionLoggerListener.log OS Version:            6.5.0-14-generic
09-Feb-2024 14:10:44.421 INFO [main] org.apache.catalina.startup.VersionLoggerListener.log Architecture:          amd64
09-Feb-2024 14:10:44.421 INFO [main] org.apache.catalina.startup.VersionLoggerListener.log Java Home:             /usr/lib/jvm/java-17-openjdk-17.0.7.0.7-3.el8.x86_64
09-Feb-2024 14:10:44.421 INFO [main] org.apache.catalina.startup.VersionLoggerListener.log JVM Version:           17.0.7+7-LTS
09-Feb-2024 14:10:44.421 INFO [main] org.apache.catalina.startup.VersionLoggerListener.log JVM Vendor:            Red Hat, Inc.
09-Feb-2024 14:10:44.421 INFO [main] org.apache.catalina.startup.VersionLoggerListener.log CATALINA_BASE:         /usr/local/tomcat
09-Feb-2024 14:10:44.421 INFO [main] org.apache.catalina.startup.VersionLoggerListener.log CATALINA_HOME:         /usr/local/tomcat
09-Feb-2024 14:10:44.423 INFO [main] org.apache.catalina.core.AprLifecycleListener.lifecycleEvent An older version [1.2.37] of the Apache Tomcat Native library is installed, while Tomcat recommends a minimum version of [2.0.1]
09-Feb-2024 14:10:44.423 INFO [main] org.apache.catalina.core.AprLifecycleListener.lifecycleEvent Loaded Apache Tomcat Native library [1.2.37] using APR version [1.6.3].
09-Feb-2024 14:10:44.424 INFO [main] org.apache.catalina.core.AprLifecycleListener.initializeSSL OpenSSL successfully initialized [OpenSSL 1.1.1k  FIPS 25 Mar 2021]
09-Feb-2024 14:10:44.554 INFO [main] org.apache.coyote.AbstractProtocol.init Initializing ProtocolHandler ["http-nio-8080"]
09-Feb-2024 14:10:44.569 INFO [main] org.apache.catalina.startup.Catalina.load Server initialization in [232] milliseconds
09-Feb-2024 14:10:44.593 INFO [main] org.apache.catalina.core.StandardService.startInternal Starting service [Catalina]
09-Feb-2024 14:10:44.593 INFO [main] org.apache.catalina.core.StandardEngine.startInternal Starting Servlet engine: [Apache Tomcat/10.1.10]
09-Feb-2024 14:10:44.599 INFO [main] org.apache.catalina.startup.HostConfig.deployDirectory Deploying web application directory [/usr/local/tomcat/webapps/share]
09-Feb-2024 14:10:47.570 INFO [main] org.apache.jasper.servlet.TldScanner.scanJars At least one JAR was scanned for TLDs yet contained no TLDs. Enable debug logging for this logger for a complete list of JARs that were scanned but no TLDs were found in them. Skipping unneeded JARs during scanning can improve startup time and JSP compilation time.
09-Feb-2024 14:10:50.734 INFO [main] org.apache.catalina.startup.HostConfig.deployDirectory Deployment of web application directory [/usr/local/tomcat/webapps/share] has finished in [6,133] ms
09-Feb-2024 14:10:50.736 INFO [main] org.apache.coyote.AbstractProtocol.start Starting ProtocolHandler ["http-nio-8080"]
09-Feb-2024 14:10:50.743 INFO [main] org.apache.catalina.startup.Catalina.start Server startup in [6173] milliseconds
09-Feb-2024 14:11:45.563 INFO [main] org.apache.catalina.startup.VersionLoggerListener.log Server version name:   Apache Tomcat/10.1.10
09-Feb-2024 14:11:45.566 INFO [main] org.apache.catalina.startup.VersionLoggerListener.log Server built:          Jun 2 2023 18:11:59 UTC
09-Feb-2024 14:11:45.566 INFO [main] org.apache.catalina.startup.VersionLoggerListener.log Server version number: 10.1.10.0
09-Feb-2024 14:11:45.566 INFO [main] org.apache.catalina.startup.VersionLoggerListener.log OS Name:               Linux
09-Feb-2024 14:11:45.566 INFO [main] org.apache.catalina.startup.VersionLoggerListener.log OS Version:            6.5.0-14-generic
09-Feb-2024 14:11:45.566 INFO [main] org.apache.catalina.startup.VersionLoggerListener.log Architecture:          amd64
09-Feb-2024 14:11:45.566 INFO [main] org.apache.catalina.startup.VersionLoggerListener.log Java Home:             /usr/lib/jvm/java-17-openjdk-17.0.7.0.7-3.el8.x86_64
09-Feb-2024 14:11:45.566 INFO [main] org.apache.catalina.startup.VersionLoggerListener.log JVM Version:           17.0.7+7-LTS
09-Feb-2024 14:11:45.566 INFO [main] org.apache.catalina.startup.VersionLoggerListener.log JVM Vendor:            Red Hat, Inc.
09-Feb-2024 14:11:45.566 INFO [main] org.apache.catalina.startup.VersionLoggerListener.log CATALINA_BASE:         /usr/local/tomcat
09-Feb-2024 14:11:45.567 INFO [main] org.apache.catalina.startup.VersionLoggerListener.log CATALINA_HOME:         /usr/local/tomcat
09-Feb-2024 14:11:45.570 INFO [main] org.apache.catalina.core.AprLifecycleListener.lifecycleEvent An older version [1.2.37] of the Apache Tomcat Native library is installed, while Tomcat recommends a minimum version of [2.0.1]
09-Feb-2024 14:11:45.570 INFO [main] org.apache.catalina.core.AprLifecycleListener.lifecycleEvent Loaded Apache Tomcat Native library [1.2.37] using APR version [1.6.3].
09-Feb-2024 14:11:45.571 INFO [main] org.apache.catalina.core.AprLifecycleListener.initializeSSL OpenSSL successfully initialized [OpenSSL 1.1.1k  FIPS 25 Mar 2021]
09-Feb-2024 14:11:45.710 INFO [main] org.apache.coyote.AbstractProtocol.init Initializing ProtocolHandler ["http-nio-8080"]
09-Feb-2024 14:11:45.722 INFO [main] org.apache.catalina.startup.Catalina.load Server initialization in [252] milliseconds
09-Feb-2024 14:11:45.755 INFO [main] org.apache.catalina.core.StandardService.startInternal Starting service [Catalina]
09-Feb-2024 14:11:45.755 INFO [main] org.apache.catalina.core.StandardEngine.startInternal Starting Servlet engine: [Apache Tomcat/10.1.10]
09-Feb-2024 14:11:45.767 INFO [main] org.apache.catalina.startup.HostConfig.deployDirectory Deploying web application directory [/usr/local/tomcat/webapps/share]
09-Feb-2024 14:11:48.729 INFO [main] org.apache.jasper.servlet.TldScanner.scanJars At least one JAR was scanned for TLDs yet contained no TLDs. Enable debug logging for this logger for a complete list of JARs that were scanned but no TLDs were found in them. Skipping unneeded JARs during scanning can improve startup time and JSP compilation time.
09-Feb-2024 14:11:51.846 INFO [main] org.apache.catalina.startup.HostConfig.deployDirectory Deployment of web application directory [/usr/local/tomcat/webapps/share] has finished in [6,078] ms
09-Feb-2024 14:11:51.849 INFO [main] org.apache.coyote.AbstractProtocol.start Starting ProtocolHandler ["http-nio-8080"]
09-Feb-2024 14:11:51.858 INFO [main] org.apache.catalina.startup.Catalina.start Server startup in [6135] milliseconds
09-Feb-2024 14:55:38.726 INFO [main] org.apache.catalina.startup.VersionLoggerListener.log Server version name:   Apache Tomcat/10.1.10
09-Feb-2024 14:55:38.728 INFO [main] org.apache.catalina.startup.VersionLoggerListener.log Server built:          Jun 2 2023 18:11:59 UTC
09-Feb-2024 14:55:38.729 INFO [main] org.apache.catalina.startup.VersionLoggerListener.log Server version number: 10.1.10.0
09-Feb-2024 14:55:38.729 INFO [main] org.apache.catalina.startup.VersionLoggerListener.log OS Name:               Linux
09-Feb-2024 14:55:38.729 INFO [main] org.apache.catalina.startup.VersionLoggerListener.log OS Version:            6.5.0-14-generic
09-Feb-2024 14:55:38.729 INFO [main] org.apache.catalina.startup.VersionLoggerListener.log Architecture:          amd64
09-Feb-2024 14:55:38.729 INFO [main] org.apache.catalina.startup.VersionLoggerListener.log Java Home:             /usr/lib/jvm/java-17-openjdk-17.0.7.0.7-3.el8.x86_64
09-Feb-2024 14:55:38.729 INFO [main] org.apache.catalina.startup.VersionLoggerListener.log JVM Version:           17.0.7+7-LTS
09-Feb-2024 14:55:38.729 INFO [main] org.apache.catalina.startup.VersionLoggerListener.log JVM Vendor:            Red Hat, Inc.
09-Feb-2024 14:55:38.729 INFO [main] org.apache.catalina.startup.VersionLoggerListener.log CATALINA_BASE:         /usr/local/tomcat
09-Feb-2024 14:55:38.729 INFO [main] org.apache.catalina.startup.VersionLoggerListener.log CATALINA_HOME:         /usr/local/tomcat
09-Feb-2024 14:55:38.732 INFO [main] org.apache.catalina.core.AprLifecycleListener.lifecycleEvent An older version [1.2.37] of the Apache Tomcat Native library is installed, while Tomcat recommends a minimum version of [2.0.1]
09-Feb-2024 14:55:38.732 INFO [main] org.apache.catalina.core.AprLifecycleListener.lifecycleEvent Loaded Apache Tomcat Native library [1.2.37] using APR version [1.6.3].
09-Feb-2024 14:55:38.734 INFO [main] org.apache.catalina.core.AprLifecycleListener.initializeSSL OpenSSL successfully initialized [OpenSSL 1.1.1k  FIPS 25 Mar 2021]
09-Feb-2024 14:55:38.903 INFO [main] org.apache.coyote.AbstractProtocol.init Initializing ProtocolHandler ["http-nio-8080"]
09-Feb-2024 14:55:38.921 INFO [main] org.apache.catalina.startup.Catalina.load Server initialization in [278] milliseconds
09-Feb-2024 14:55:38.955 INFO [main] org.apache.catalina.core.StandardService.startInternal Starting service [Catalina]
09-Feb-2024 14:55:38.955 INFO [main] org.apache.catalina.core.StandardEngine.startInternal Starting Servlet engine: [Apache Tomcat/10.1.10]
09-Feb-2024 14:55:38.961 INFO [main] org.apache.catalina.startup.HostConfig.deployDirectory Deploying web application directory [/usr/local/tomcat/webapps/share]
09-Feb-2024 14:55:42.037 INFO [main] org.apache.jasper.servlet.TldScanner.scanJars At least one JAR was scanned for TLDs yet contained no TLDs. Enable debug logging for this logger for a complete list of JARs that were scanned but no TLDs were found in them. Skipping unneeded JARs during scanning can improve startup time and JSP compilation time.
09-Feb-2024 14:55:45.174 INFO [main] org.apache.catalina.startup.HostConfig.deployDirectory Deployment of web application directory [/usr/local/tomcat/webapps/share] has finished in [6,212] ms
09-Feb-2024 14:55:45.176 INFO [main] org.apache.coyote.AbstractProtocol.start Starting ProtocolHandler ["http-nio-8080"]
09-Feb-2024 14:55:45.181 INFO [main] org.apache.catalina.startup.Catalina.start Server startup in [6259] milliseconds
09-Feb-2024 15:09:45.739 INFO [main] org.apache.catalina.startup.VersionLoggerListener.log Server version name:   Apache Tomcat/10.1.10
09-Feb-2024 15:09:45.741 INFO [main] org.apache.catalina.startup.VersionLoggerListener.log Server built:          Jun 2 2023 18:11:59 UTC
09-Feb-2024 15:09:45.741 INFO [main] org.apache.catalina.startup.VersionLoggerListener.log Server version number: 10.1.10.0
09-Feb-2024 15:09:45.741 INFO [main] org.apache.catalina.startup.VersionLoggerListener.log OS Name:               Linux
09-Feb-2024 15:09:45.741 INFO [main] org.apache.catalina.startup.VersionLoggerListener.log OS Version:            6.5.0-14-generic
09-Feb-2024 15:09:45.741 INFO [main] org.apache.catalina.startup.VersionLoggerListener.log Architecture:          amd64
09-Feb-2024 15:09:45.741 INFO [main] org.apache.catalina.startup.VersionLoggerListener.log Java Home:             /usr/lib/jvm/java-17-openjdk-17.0.7.0.7-3.el8.x86_64
09-Feb-2024 15:09:45.741 INFO [main] org.apache.catalina.startup.VersionLoggerListener.log JVM Version:           17.0.7+7-LTS
09-Feb-2024 15:09:45.741 INFO [main] org.apache.catalina.startup.VersionLoggerListener.log JVM Vendor:            Red Hat, Inc.
09-Feb-2024 15:09:45.742 INFO [main] org.apache.catalina.startup.VersionLoggerListener.log CATALINA_BASE:         /usr/local/tomcat
09-Feb-2024 15:09:45.742 INFO [main] org.apache.catalina.startup.VersionLoggerListener.log CATALINA_HOME:         /usr/local/tomcat
09-Feb-2024 15:09:45.744 INFO [main] org.apache.catalina.core.AprLifecycleListener.lifecycleEvent An older version [1.2.37] of the Apache Tomcat Native library is installed, while Tomcat recommends a minimum version of [2.0.1]
09-Feb-2024 15:09:45.744 INFO [main] org.apache.catalina.core.AprLifecycleListener.lifecycleEvent Loaded Apache Tomcat Native library [1.2.37] using APR version [1.6.3].
09-Feb-2024 15:09:45.745 INFO [main] org.apache.catalina.core.AprLifecycleListener.initializeSSL OpenSSL successfully initialized [OpenSSL 1.1.1k  FIPS 25 Mar 2021]
09-Feb-2024 15:09:45.866 INFO [main] org.apache.coyote.AbstractProtocol.init Initializing ProtocolHandler ["http-nio-8080"]
09-Feb-2024 15:09:45.876 INFO [main] org.apache.catalina.startup.Catalina.load Server initialization in [220] milliseconds
09-Feb-2024 15:09:45.901 INFO [main] org.apache.catalina.core.StandardService.startInternal Starting service [Catalina]
09-Feb-2024 15:09:45.901 INFO [main] org.apache.catalina.core.StandardEngine.startInternal Starting Servlet engine: [Apache Tomcat/10.1.10]
09-Feb-2024 15:09:45.907 INFO [main] org.apache.catalina.startup.HostConfig.deployDirectory Deploying web application directory [/usr/local/tomcat/webapps/share]
09-Feb-2024 15:09:48.936 INFO [main] org.apache.jasper.servlet.TldScanner.scanJars At least one JAR was scanned for TLDs yet contained no TLDs. Enable debug logging for this logger for a complete list of JARs that were scanned but no TLDs were found in them. Skipping unneeded JARs during scanning can improve startup time and JSP compilation time.
09-Feb-2024 15:09:52.024 INFO [main] org.apache.catalina.startup.HostConfig.deployDirectory Deployment of web application directory [/usr/local/tomcat/webapps/share] has finished in [6,116] ms
09-Feb-2024 15:09:52.026 INFO [main] org.apache.coyote.AbstractProtocol.start Starting ProtocolHandler ["http-nio-8080"]
09-Feb-2024 15:09:52.033 INFO [main] org.apache.catalina.startup.Catalina.start Server startup in [6156] milliseconds
