09-Feb-2024 12:26:11.031 INFO [main] org.apache.catalina.startup.VersionLoggerListener.log Server version name:   Apache Tomcat/10.1.10
09-Feb-2024 12:26:11.033 INFO [main] org.apache.catalina.startup.VersionLoggerListener.log Server built:          Jun 2 2023 18:11:59 UTC
09-Feb-2024 12:26:11.034 INFO [main] org.apache.catalina.startup.VersionLoggerListener.log Server version number: 10.1.10.0
09-Feb-2024 12:26:11.034 INFO [main] org.apache.catalina.startup.VersionLoggerListener.log OS Name:               Linux
09-Feb-2024 12:26:11.034 INFO [main] org.apache.catalina.startup.VersionLoggerListener.log OS Version:            6.5.0-14-generic
09-Feb-2024 12:26:11.034 INFO [main] org.apache.catalina.startup.VersionLoggerListener.log Architecture:          amd64
09-Feb-2024 12:26:11.034 INFO [main] org.apache.catalina.startup.VersionLoggerListener.log Java Home:             /usr/lib/jvm/java-17-openjdk-17.0.7.0.7-3.el8.x86_64
09-Feb-2024 12:26:11.035 INFO [main] org.apache.catalina.startup.VersionLoggerListener.log JVM Version:           17.0.7+7-LTS
09-Feb-2024 12:26:11.035 INFO [main] org.apache.catalina.startup.VersionLoggerListener.log JVM Vendor:            Red Hat, Inc.
09-Feb-2024 12:26:11.036 INFO [main] org.apache.catalina.startup.VersionLoggerListener.log CATALINA_BASE:         /usr/local/tomcat
09-Feb-2024 12:26:11.036 INFO [main] org.apache.catalina.startup.VersionLoggerListener.log CATALINA_HOME:         /usr/local/tomcat
09-Feb-2024 12:26:11.040 INFO [main] org.apache.catalina.core.AprLifecycleListener.lifecycleEvent An older version [1.2.37] of the Apache Tomcat Native library is installed, while Tomcat recommends a minimum version of [2.0.1]
09-Feb-2024 12:26:11.043 INFO [main] org.apache.catalina.core.AprLifecycleListener.lifecycleEvent Loaded Apache Tomcat Native library [1.2.37] using APR version [1.6.3].
09-Feb-2024 12:26:11.045 INFO [main] org.apache.catalina.core.AprLifecycleListener.initializeSSL OpenSSL successfully initialized [OpenSSL 1.1.1k  FIPS 25 Mar 2021]
09-Feb-2024 12:26:11.249 INFO [main] org.apache.coyote.AbstractProtocol.init Initializing ProtocolHandler ["http-nio-8080"]
09-Feb-2024 12:26:11.264 INFO [main] org.apache.catalina.startup.Catalina.load Server initialization in [362] milliseconds
09-Feb-2024 12:26:11.288 INFO [main] org.apache.catalina.core.StandardService.startInternal Starting service [Catalina]
09-Feb-2024 12:26:11.288 INFO [main] org.apache.catalina.core.StandardEngine.startInternal Starting Servlet engine: [Apache Tomcat/10.1.10]
09-Feb-2024 12:26:11.294 INFO [main] org.apache.catalina.startup.HostConfig.deployDirectory Deploying web application directory [/usr/local/tomcat/webapps/alfresco]
09-Feb-2024 12:26:11.501 WARNING [main] org.apache.juli.ClassLoaderLogManager.readConfiguration Reading /usr/local/tomcat/webapps/alfresco/WEB-INF/classes/logging.properties is not permitted. See "per context logging" in the default catalina.policy file.
09-Feb-2024 12:26:11.504 WARNING [main] org.apache.juli.ClassLoaderLogManager.readConfiguration Reading /usr/local/tomcat/webapps/alfresco/WEB-INF/classes/logging.properties is not permitted. See "per context logging" in the default catalina.policy file.
09-Feb-2024 12:26:16.080 INFO [main] org.apache.jasper.servlet.TldScanner.scanJars At least one JAR was scanned for TLDs yet contained no TLDs. Enable debug logging for this logger for a complete list of JARs that were scanned but no TLDs were found in them. Skipping unneeded JARs during scanning can improve startup time and JSP compilation time.
09-Feb-2024 12:26:18.163 SEVERE [main] org.apache.catalina.core.StandardContext.startInternal One or more listeners failed to start. Full details will be found in the appropriate container log file
09-Feb-2024 12:26:18.165 SEVERE [main] org.apache.catalina.core.StandardContext.startInternal Context [/alfresco] startup failed due to previous errors
09-Feb-2024 12:26:18.189 INFO [main] org.apache.catalina.startup.HostConfig.deployDirectory Deployment of web application directory [/usr/local/tomcat/webapps/alfresco] has finished in [6,896] ms
09-Feb-2024 12:26:18.189 INFO [main] org.apache.catalina.startup.HostConfig.deployDirectory Deploying web application directory [/usr/local/tomcat/webapps/api-explorer]
09-Feb-2024 12:26:18.240 INFO [main] org.apache.jasper.servlet.TldScanner.scanJars At least one JAR was scanned for TLDs yet contained no TLDs. Enable debug logging for this logger for a complete list of JARs that were scanned but no TLDs were found in them. Skipping unneeded JARs during scanning can improve startup time and JSP compilation time.
09-Feb-2024 12:26:18.586 INFO [main] org.apache.catalina.startup.HostConfig.deployDirectory Deployment of web application directory [/usr/local/tomcat/webapps/api-explorer] has finished in [397] ms
09-Feb-2024 12:26:18.586 INFO [main] org.apache.catalina.startup.HostConfig.deployDirectory Deploying web application directory [/usr/local/tomcat/webapps/_vti_bin]
09-Feb-2024 12:26:18.647 INFO [main] org.apache.jasper.servlet.TldScanner.scanJars At least one JAR was scanned for TLDs yet contained no TLDs. Enable debug logging for this logger for a complete list of JARs that were scanned but no TLDs were found in them. Skipping unneeded JARs during scanning can improve startup time and JSP compilation time.
09-Feb-2024 12:26:18.649 INFO [main] org.apache.catalina.startup.HostConfig.deployDirectory Deployment of web application directory [/usr/local/tomcat/webapps/_vti_bin] has finished in [62] ms
09-Feb-2024 12:26:18.649 INFO [main] org.apache.catalina.startup.HostConfig.deployDirectory Deploying web application directory [/usr/local/tomcat/webapps/ROOT]
09-Feb-2024 12:26:18.650 WARNING [main] org.apache.tomcat.util.digester.SetPropertiesRule.begin Match [Context] failed to set property [debug] to [100]
09-Feb-2024 12:26:18.690 INFO [main] org.apache.jasper.servlet.TldScanner.scanJars At least one JAR was scanned for TLDs yet contained no TLDs. Enable debug logging for this logger for a complete list of JARs that were scanned but no TLDs were found in them. Skipping unneeded JARs during scanning can improve startup time and JSP compilation time.
09-Feb-2024 12:26:18.692 INFO [main] org.apache.catalina.startup.HostConfig.deployDirectory Deployment of web application directory [/usr/local/tomcat/webapps/ROOT] has finished in [42] ms
09-Feb-2024 12:26:18.694 INFO [main] org.apache.coyote.AbstractProtocol.start Starting ProtocolHandler ["http-nio-8080"]
09-Feb-2024 12:26:18.699 INFO [main] org.apache.catalina.startup.Catalina.start Server startup in [7435] milliseconds
09-Feb-2024 12:32:33.064 INFO [Thread-1] org.apache.coyote.AbstractProtocol.pause Pausing ProtocolHandler ["http-nio-8080"]
09-Feb-2024 12:32:33.065 INFO [Thread-1] org.apache.catalina.core.StandardService.stopInternal Stopping service [Catalina]
09-Feb-2024 12:32:33.081 INFO [Thread-1] org.apache.coyote.AbstractProtocol.stop Stopping ProtocolHandler ["http-nio-8080"]
09-Feb-2024 12:32:33.088 INFO [Thread-1] org.apache.coyote.AbstractProtocol.destroy Destroying ProtocolHandler ["http-nio-8080"]
09-Feb-2024 12:32:54.893 INFO [main] org.apache.catalina.startup.VersionLoggerListener.log Server version name:   Apache Tomcat/10.1.10
09-Feb-2024 12:32:54.895 INFO [main] org.apache.catalina.startup.VersionLoggerListener.log Server built:          Jun 2 2023 18:11:59 UTC
09-Feb-2024 12:32:54.895 INFO [main] org.apache.catalina.startup.VersionLoggerListener.log Server version number: 10.1.10.0
09-Feb-2024 12:32:54.895 INFO [main] org.apache.catalina.startup.VersionLoggerListener.log OS Name:               Linux
09-Feb-2024 12:32:54.895 INFO [main] org.apache.catalina.startup.VersionLoggerListener.log OS Version:            6.5.0-14-generic
09-Feb-2024 12:32:54.895 INFO [main] org.apache.catalina.startup.VersionLoggerListener.log Architecture:          amd64
09-Feb-2024 12:32:54.895 INFO [main] org.apache.catalina.startup.VersionLoggerListener.log Java Home:             /usr/lib/jvm/java-17-openjdk-17.0.7.0.7-3.el8.x86_64
09-Feb-2024 12:32:54.895 INFO [main] org.apache.catalina.startup.VersionLoggerListener.log JVM Version:           17.0.7+7-LTS
09-Feb-2024 12:32:54.895 INFO [main] org.apache.catalina.startup.VersionLoggerListener.log JVM Vendor:            Red Hat, Inc.
09-Feb-2024 12:32:54.895 INFO [main] org.apache.catalina.startup.VersionLoggerListener.log CATALINA_BASE:         /usr/local/tomcat
09-Feb-2024 12:32:54.895 INFO [main] org.apache.catalina.startup.VersionLoggerListener.log CATALINA_HOME:         /usr/local/tomcat
09-Feb-2024 12:32:54.898 INFO [main] org.apache.catalina.core.AprLifecycleListener.lifecycleEvent An older version [1.2.37] of the Apache Tomcat Native library is installed, while Tomcat recommends a minimum version of [2.0.1]
09-Feb-2024 12:32:54.898 INFO [main] org.apache.catalina.core.AprLifecycleListener.lifecycleEvent Loaded Apache Tomcat Native library [1.2.37] using APR version [1.6.3].
09-Feb-2024 12:32:54.899 INFO [main] org.apache.catalina.core.AprLifecycleListener.initializeSSL OpenSSL successfully initialized [OpenSSL 1.1.1k  FIPS 25 Mar 2021]
09-Feb-2024 12:32:55.085 INFO [main] org.apache.coyote.AbstractProtocol.init Initializing ProtocolHandler ["http-nio-8080"]
09-Feb-2024 12:32:55.105 INFO [main] org.apache.catalina.startup.Catalina.load Server initialization in [313] milliseconds
09-Feb-2024 12:32:55.133 INFO [main] org.apache.catalina.core.StandardService.startInternal Starting service [Catalina]
09-Feb-2024 12:32:55.133 INFO [main] org.apache.catalina.core.StandardEngine.startInternal Starting Servlet engine: [Apache Tomcat/10.1.10]
09-Feb-2024 12:32:55.139 INFO [main] org.apache.catalina.startup.HostConfig.deployDirectory Deploying web application directory [/usr/local/tomcat/webapps/alfresco]
09-Feb-2024 12:32:55.303 WARNING [main] org.apache.juli.ClassLoaderLogManager.readConfiguration Reading /usr/local/tomcat/webapps/alfresco/WEB-INF/classes/logging.properties is not permitted. See "per context logging" in the default catalina.policy file.
09-Feb-2024 12:32:55.305 WARNING [main] org.apache.juli.ClassLoaderLogManager.readConfiguration Reading /usr/local/tomcat/webapps/alfresco/WEB-INF/classes/logging.properties is not permitted. See "per context logging" in the default catalina.policy file.
09-Feb-2024 12:32:59.828 INFO [main] org.apache.jasper.servlet.TldScanner.scanJars At least one JAR was scanned for TLDs yet contained no TLDs. Enable debug logging for this logger for a complete list of JARs that were scanned but no TLDs were found in them. Skipping unneeded JARs during scanning can improve startup time and JSP compilation time.
09-Feb-2024 12:33:01.844 SEVERE [main] org.apache.catalina.core.StandardContext.startInternal One or more listeners failed to start. Full details will be found in the appropriate container log file
09-Feb-2024 12:33:01.847 SEVERE [main] org.apache.catalina.core.StandardContext.startInternal Context [/alfresco] startup failed due to previous errors
09-Feb-2024 12:33:01.870 INFO [main] org.apache.catalina.startup.HostConfig.deployDirectory Deployment of web application directory [/usr/local/tomcat/webapps/alfresco] has finished in [6,731] ms
09-Feb-2024 12:33:01.871 INFO [main] org.apache.catalina.startup.HostConfig.deployDirectory Deploying web application directory [/usr/local/tomcat/webapps/api-explorer]
09-Feb-2024 12:33:01.920 INFO [main] org.apache.jasper.servlet.TldScanner.scanJars At least one JAR was scanned for TLDs yet contained no TLDs. Enable debug logging for this logger for a complete list of JARs that were scanned but no TLDs were found in them. Skipping unneeded JARs during scanning can improve startup time and JSP compilation time.
09-Feb-2024 12:33:01.944 INFO [main] org.apache.catalina.startup.HostConfig.deployDirectory Deployment of web application directory [/usr/local/tomcat/webapps/api-explorer] has finished in [73] ms
09-Feb-2024 12:33:01.944 INFO [main] org.apache.catalina.startup.HostConfig.deployDirectory Deploying web application directory [/usr/local/tomcat/webapps/_vti_bin]
09-Feb-2024 12:33:02.013 INFO [main] org.apache.jasper.servlet.TldScanner.scanJars At least one JAR was scanned for TLDs yet contained no TLDs. Enable debug logging for this logger for a complete list of JARs that were scanned but no TLDs were found in them. Skipping unneeded JARs during scanning can improve startup time and JSP compilation time.
09-Feb-2024 12:33:02.015 INFO [main] org.apache.catalina.startup.HostConfig.deployDirectory Deployment of web application directory [/usr/local/tomcat/webapps/_vti_bin] has finished in [71] ms
09-Feb-2024 12:33:02.015 INFO [main] org.apache.catalina.startup.HostConfig.deployDirectory Deploying web application directory [/usr/local/tomcat/webapps/ROOT]
09-Feb-2024 12:33:02.017 WARNING [main] org.apache.tomcat.util.digester.SetPropertiesRule.begin Match [Context] failed to set property [debug] to [100]
09-Feb-2024 12:33:02.062 INFO [main] org.apache.jasper.servlet.TldScanner.scanJars At least one JAR was scanned for TLDs yet contained no TLDs. Enable debug logging for this logger for a complete list of JARs that were scanned but no TLDs were found in them. Skipping unneeded JARs during scanning can improve startup time and JSP compilation time.
09-Feb-2024 12:33:02.063 INFO [main] org.apache.catalina.startup.HostConfig.deployDirectory Deployment of web application directory [/usr/local/tomcat/webapps/ROOT] has finished in [48] ms
09-Feb-2024 12:33:02.065 INFO [main] org.apache.coyote.AbstractProtocol.start Starting ProtocolHandler ["http-nio-8080"]
09-Feb-2024 12:33:02.071 INFO [main] org.apache.catalina.startup.Catalina.start Server startup in [6965] milliseconds
09-Feb-2024 12:42:05.815 INFO [Thread-1] org.apache.coyote.AbstractProtocol.pause Pausing ProtocolHandler ["http-nio-8080"]
09-Feb-2024 12:42:05.818 INFO [Thread-1] org.apache.catalina.core.StandardService.stopInternal Stopping service [Catalina]
09-Feb-2024 12:42:05.832 INFO [Thread-1] org.apache.coyote.AbstractProtocol.stop Stopping ProtocolHandler ["http-nio-8080"]
09-Feb-2024 12:42:05.842 INFO [Thread-1] org.apache.coyote.AbstractProtocol.destroy Destroying ProtocolHandler ["http-nio-8080"]
09-Feb-2024 12:42:24.803 INFO [main] org.apache.catalina.startup.VersionLoggerListener.log Server version name:   Apache Tomcat/10.1.10
09-Feb-2024 12:42:24.804 INFO [main] org.apache.catalina.startup.VersionLoggerListener.log Server built:          Jun 2 2023 18:11:59 UTC
09-Feb-2024 12:42:24.804 INFO [main] org.apache.catalina.startup.VersionLoggerListener.log Server version number: 10.1.10.0
09-Feb-2024 12:42:24.804 INFO [main] org.apache.catalina.startup.VersionLoggerListener.log OS Name:               Linux
09-Feb-2024 12:42:24.805 INFO [main] org.apache.catalina.startup.VersionLoggerListener.log OS Version:            6.5.0-14-generic
09-Feb-2024 12:42:24.805 INFO [main] org.apache.catalina.startup.VersionLoggerListener.log Architecture:          amd64
09-Feb-2024 12:42:24.805 INFO [main] org.apache.catalina.startup.VersionLoggerListener.log Java Home:             /usr/lib/jvm/java-17-openjdk-17.0.7.0.7-3.el8.x86_64
09-Feb-2024 12:42:24.805 INFO [main] org.apache.catalina.startup.VersionLoggerListener.log JVM Version:           17.0.7+7-LTS
09-Feb-2024 12:42:24.805 INFO [main] org.apache.catalina.startup.VersionLoggerListener.log JVM Vendor:            Red Hat, Inc.
09-Feb-2024 12:42:24.805 INFO [main] org.apache.catalina.startup.VersionLoggerListener.log CATALINA_BASE:         /usr/local/tomcat
09-Feb-2024 12:42:24.805 INFO [main] org.apache.catalina.startup.VersionLoggerListener.log CATALINA_HOME:         /usr/local/tomcat
09-Feb-2024 12:42:24.808 INFO [main] org.apache.catalina.core.AprLifecycleListener.lifecycleEvent An older version [1.2.37] of the Apache Tomcat Native library is installed, while Tomcat recommends a minimum version of [2.0.1]
09-Feb-2024 12:42:24.809 INFO [main] org.apache.catalina.core.AprLifecycleListener.lifecycleEvent Loaded Apache Tomcat Native library [1.2.37] using APR version [1.6.3].
09-Feb-2024 12:42:24.810 INFO [main] org.apache.catalina.core.AprLifecycleListener.initializeSSL OpenSSL successfully initialized [OpenSSL 1.1.1k  FIPS 25 Mar 2021]
09-Feb-2024 12:42:25.024 INFO [main] org.apache.coyote.AbstractProtocol.init Initializing ProtocolHandler ["http-nio-8080"]
09-Feb-2024 12:42:25.041 INFO [main] org.apache.catalina.startup.Catalina.load Server initialization in [349] milliseconds
09-Feb-2024 12:42:25.067 INFO [main] org.apache.catalina.core.StandardService.startInternal Starting service [Catalina]
09-Feb-2024 12:42:25.067 INFO [main] org.apache.catalina.core.StandardEngine.startInternal Starting Servlet engine: [Apache Tomcat/10.1.10]
09-Feb-2024 12:42:25.074 INFO [main] org.apache.catalina.startup.HostConfig.deployDirectory Deploying web application directory [/usr/local/tomcat/webapps/alfresco]
09-Feb-2024 12:42:25.256 WARNING [main] org.apache.juli.ClassLoaderLogManager.readConfiguration Reading /usr/local/tomcat/webapps/alfresco/WEB-INF/classes/logging.properties is not permitted. See "per context logging" in the default catalina.policy file.
09-Feb-2024 12:42:25.258 WARNING [main] org.apache.juli.ClassLoaderLogManager.readConfiguration Reading /usr/local/tomcat/webapps/alfresco/WEB-INF/classes/logging.properties is not permitted. See "per context logging" in the default catalina.policy file.
09-Feb-2024 12:42:29.691 INFO [main] org.apache.jasper.servlet.TldScanner.scanJars At least one JAR was scanned for TLDs yet contained no TLDs. Enable debug logging for this logger for a complete list of JARs that were scanned but no TLDs were found in them. Skipping unneeded JARs during scanning can improve startup time and JSP compilation time.
09-Feb-2024 12:42:31.818 SEVERE [main] org.apache.catalina.core.StandardContext.startInternal One or more listeners failed to start. Full details will be found in the appropriate container log file
09-Feb-2024 12:42:31.821 SEVERE [main] org.apache.catalina.core.StandardContext.startInternal Context [/alfresco] startup failed due to previous errors
09-Feb-2024 12:42:31.851 INFO [main] org.apache.catalina.startup.HostConfig.deployDirectory Deployment of web application directory [/usr/local/tomcat/webapps/alfresco] has finished in [6,776] ms
09-Feb-2024 12:42:31.851 INFO [main] org.apache.catalina.startup.HostConfig.deployDirectory Deploying web application directory [/usr/local/tomcat/webapps/api-explorer]
09-Feb-2024 12:42:31.895 INFO [main] org.apache.jasper.servlet.TldScanner.scanJars At least one JAR was scanned for TLDs yet contained no TLDs. Enable debug logging for this logger for a complete list of JARs that were scanned but no TLDs were found in them. Skipping unneeded JARs during scanning can improve startup time and JSP compilation time.
09-Feb-2024 12:42:32.243 INFO [main] org.apache.catalina.startup.HostConfig.deployDirectory Deployment of web application directory [/usr/local/tomcat/webapps/api-explorer] has finished in [391] ms
09-Feb-2024 12:42:32.243 INFO [main] org.apache.catalina.startup.HostConfig.deployDirectory Deploying web application directory [/usr/local/tomcat/webapps/_vti_bin]
09-Feb-2024 12:42:32.312 INFO [main] org.apache.jasper.servlet.TldScanner.scanJars At least one JAR was scanned for TLDs yet contained no TLDs. Enable debug logging for this logger for a complete list of JARs that were scanned but no TLDs were found in them. Skipping unneeded JARs during scanning can improve startup time and JSP compilation time.
09-Feb-2024 12:42:32.313 INFO [main] org.apache.catalina.startup.HostConfig.deployDirectory Deployment of web application directory [/usr/local/tomcat/webapps/_vti_bin] has finished in [70] ms
09-Feb-2024 12:42:32.313 INFO [main] org.apache.catalina.startup.HostConfig.deployDirectory Deploying web application directory [/usr/local/tomcat/webapps/ROOT]
09-Feb-2024 12:42:32.315 WARNING [main] org.apache.tomcat.util.digester.SetPropertiesRule.begin Match [Context] failed to set property [debug] to [100]
09-Feb-2024 12:42:32.358 INFO [main] org.apache.jasper.servlet.TldScanner.scanJars At least one JAR was scanned for TLDs yet contained no TLDs. Enable debug logging for this logger for a complete list of JARs that were scanned but no TLDs were found in them. Skipping unneeded JARs during scanning can improve startup time and JSP compilation time.
09-Feb-2024 12:42:32.359 INFO [main] org.apache.catalina.startup.HostConfig.deployDirectory Deployment of web application directory [/usr/local/tomcat/webapps/ROOT] has finished in [46] ms
09-Feb-2024 12:42:32.361 INFO [main] org.apache.coyote.AbstractProtocol.start Starting ProtocolHandler ["http-nio-8080"]
09-Feb-2024 12:42:32.367 INFO [main] org.apache.catalina.startup.Catalina.start Server startup in [7325] milliseconds
09-Feb-2024 12:44:49.771 INFO [Thread-1] org.apache.coyote.AbstractProtocol.pause Pausing ProtocolHandler ["http-nio-8080"]
09-Feb-2024 12:44:49.776 INFO [Thread-1] org.apache.catalina.core.StandardService.stopInternal Stopping service [Catalina]
09-Feb-2024 12:44:49.789 INFO [Thread-1] org.apache.coyote.AbstractProtocol.stop Stopping ProtocolHandler ["http-nio-8080"]
09-Feb-2024 12:44:49.798 INFO [Thread-1] org.apache.coyote.AbstractProtocol.destroy Destroying ProtocolHandler ["http-nio-8080"]
09-Feb-2024 12:45:08.043 INFO [main] org.apache.catalina.startup.VersionLoggerListener.log Server version name:   Apache Tomcat/10.1.10
09-Feb-2024 12:45:08.045 INFO [main] org.apache.catalina.startup.VersionLoggerListener.log Server built:          Jun 2 2023 18:11:59 UTC
09-Feb-2024 12:45:08.045 INFO [main] org.apache.catalina.startup.VersionLoggerListener.log Server version number: 10.1.10.0
09-Feb-2024 12:45:08.045 INFO [main] org.apache.catalina.startup.VersionLoggerListener.log OS Name:               Linux
09-Feb-2024 12:45:08.045 INFO [main] org.apache.catalina.startup.VersionLoggerListener.log OS Version:            6.5.0-14-generic
09-Feb-2024 12:45:08.046 INFO [main] org.apache.catalina.startup.VersionLoggerListener.log Architecture:          amd64
09-Feb-2024 12:45:08.046 INFO [main] org.apache.catalina.startup.VersionLoggerListener.log Java Home:             /usr/lib/jvm/java-17-openjdk-17.0.7.0.7-3.el8.x86_64
09-Feb-2024 12:45:08.047 INFO [main] org.apache.catalina.startup.VersionLoggerListener.log JVM Version:           17.0.7+7-LTS
09-Feb-2024 12:45:08.047 INFO [main] org.apache.catalina.startup.VersionLoggerListener.log JVM Vendor:            Red Hat, Inc.
09-Feb-2024 12:45:08.047 INFO [main] org.apache.catalina.startup.VersionLoggerListener.log CATALINA_BASE:         /usr/local/tomcat
09-Feb-2024 12:45:08.047 INFO [main] org.apache.catalina.startup.VersionLoggerListener.log CATALINA_HOME:         /usr/local/tomcat
09-Feb-2024 12:45:08.051 INFO [main] org.apache.catalina.core.AprLifecycleListener.lifecycleEvent An older version [1.2.37] of the Apache Tomcat Native library is installed, while Tomcat recommends a minimum version of [2.0.1]
09-Feb-2024 12:45:08.051 INFO [main] org.apache.catalina.core.AprLifecycleListener.lifecycleEvent Loaded Apache Tomcat Native library [1.2.37] using APR version [1.6.3].
09-Feb-2024 12:45:08.052 INFO [main] org.apache.catalina.core.AprLifecycleListener.initializeSSL OpenSSL successfully initialized [OpenSSL 1.1.1k  FIPS 25 Mar 2021]
09-Feb-2024 12:45:08.277 INFO [main] org.apache.coyote.AbstractProtocol.init Initializing ProtocolHandler ["http-nio-8080"]
09-Feb-2024 12:45:08.300 INFO [main] org.apache.catalina.startup.Catalina.load Server initialization in [354] milliseconds
09-Feb-2024 12:45:08.324 INFO [main] org.apache.catalina.core.StandardService.startInternal Starting service [Catalina]
09-Feb-2024 12:45:08.325 INFO [main] org.apache.catalina.core.StandardEngine.startInternal Starting Servlet engine: [Apache Tomcat/10.1.10]
09-Feb-2024 12:45:08.331 INFO [main] org.apache.catalina.startup.HostConfig.deployDirectory Deploying web application directory [/usr/local/tomcat/webapps/alfresco]
09-Feb-2024 12:45:08.484 WARNING [main] org.apache.juli.ClassLoaderLogManager.readConfiguration Reading /usr/local/tomcat/webapps/alfresco/WEB-INF/classes/logging.properties is not permitted. See "per context logging" in the default catalina.policy file.
09-Feb-2024 12:45:08.485 WARNING [main] org.apache.juli.ClassLoaderLogManager.readConfiguration Reading /usr/local/tomcat/webapps/alfresco/WEB-INF/classes/logging.properties is not permitted. See "per context logging" in the default catalina.policy file.
09-Feb-2024 12:45:13.069 INFO [main] org.apache.jasper.servlet.TldScanner.scanJars At least one JAR was scanned for TLDs yet contained no TLDs. Enable debug logging for this logger for a complete list of JARs that were scanned but no TLDs were found in them. Skipping unneeded JARs during scanning can improve startup time and JSP compilation time.
09-Feb-2024 12:45:15.071 SEVERE [main] org.apache.catalina.core.StandardContext.startInternal One or more listeners failed to start. Full details will be found in the appropriate container log file
09-Feb-2024 12:45:15.073 SEVERE [main] org.apache.catalina.core.StandardContext.startInternal Context [/alfresco] startup failed due to previous errors
09-Feb-2024 12:45:15.096 INFO [main] org.apache.catalina.startup.HostConfig.deployDirectory Deployment of web application directory [/usr/local/tomcat/webapps/alfresco] has finished in [6,764] ms
09-Feb-2024 12:45:15.096 INFO [main] org.apache.catalina.startup.HostConfig.deployDirectory Deploying web application directory [/usr/local/tomcat/webapps/api-explorer]
09-Feb-2024 12:45:15.144 INFO [main] org.apache.jasper.servlet.TldScanner.scanJars At least one JAR was scanned for TLDs yet contained no TLDs. Enable debug logging for this logger for a complete list of JARs that were scanned but no TLDs were found in them. Skipping unneeded JARs during scanning can improve startup time and JSP compilation time.
09-Feb-2024 12:45:15.506 INFO [main] org.apache.catalina.startup.HostConfig.deployDirectory Deployment of web application directory [/usr/local/tomcat/webapps/api-explorer] has finished in [410] ms
09-Feb-2024 12:45:15.507 INFO [main] org.apache.catalina.startup.HostConfig.deployDirectory Deploying web application directory [/usr/local/tomcat/webapps/_vti_bin]
09-Feb-2024 12:45:15.567 INFO [main] org.apache.jasper.servlet.TldScanner.scanJars At least one JAR was scanned for TLDs yet contained no TLDs. Enable debug logging for this logger for a complete list of JARs that were scanned but no TLDs were found in them. Skipping unneeded JARs during scanning can improve startup time and JSP compilation time.
09-Feb-2024 12:45:15.569 INFO [main] org.apache.catalina.startup.HostConfig.deployDirectory Deployment of web application directory [/usr/local/tomcat/webapps/_vti_bin] has finished in [62] ms
09-Feb-2024 12:45:15.569 INFO [main] org.apache.catalina.startup.HostConfig.deployDirectory Deploying web application directory [/usr/local/tomcat/webapps/ROOT]
09-Feb-2024 12:45:15.570 WARNING [main] org.apache.tomcat.util.digester.SetPropertiesRule.begin Match [Context] failed to set property [debug] to [100]
09-Feb-2024 12:45:15.615 INFO [main] org.apache.jasper.servlet.TldScanner.scanJars At least one JAR was scanned for TLDs yet contained no TLDs. Enable debug logging for this logger for a complete list of JARs that were scanned but no TLDs were found in them. Skipping unneeded JARs during scanning can improve startup time and JSP compilation time.
09-Feb-2024 12:45:15.616 INFO [main] org.apache.catalina.startup.HostConfig.deployDirectory Deployment of web application directory [/usr/local/tomcat/webapps/ROOT] has finished in [47] ms
09-Feb-2024 12:45:15.618 INFO [main] org.apache.coyote.AbstractProtocol.start Starting ProtocolHandler ["http-nio-8080"]
09-Feb-2024 12:45:15.623 INFO [main] org.apache.catalina.startup.Catalina.start Server startup in [7322] milliseconds
09-Feb-2024 12:50:58.510 INFO [Thread-1] org.apache.coyote.AbstractProtocol.pause Pausing ProtocolHandler ["http-nio-8080"]
09-Feb-2024 12:50:58.511 INFO [Thread-1] org.apache.catalina.core.StandardService.stopInternal Stopping service [Catalina]
09-Feb-2024 12:50:58.527 INFO [Thread-1] org.apache.coyote.AbstractProtocol.stop Stopping ProtocolHandler ["http-nio-8080"]
09-Feb-2024 12:50:58.535 INFO [Thread-1] org.apache.coyote.AbstractProtocol.destroy Destroying ProtocolHandler ["http-nio-8080"]
09-Feb-2024 12:54:41.824 INFO [main] org.apache.catalina.startup.VersionLoggerListener.log Server version name:   Apache Tomcat/10.1.10
09-Feb-2024 12:54:41.826 INFO [main] org.apache.catalina.startup.VersionLoggerListener.log Server built:          Jun 2 2023 18:11:59 UTC
09-Feb-2024 12:54:41.826 INFO [main] org.apache.catalina.startup.VersionLoggerListener.log Server version number: 10.1.10.0
09-Feb-2024 12:54:41.826 INFO [main] org.apache.catalina.startup.VersionLoggerListener.log OS Name:               Linux
09-Feb-2024 12:54:41.826 INFO [main] org.apache.catalina.startup.VersionLoggerListener.log OS Version:            6.5.0-14-generic
09-Feb-2024 12:54:41.826 INFO [main] org.apache.catalina.startup.VersionLoggerListener.log Architecture:          amd64
09-Feb-2024 12:54:41.826 INFO [main] org.apache.catalina.startup.VersionLoggerListener.log Java Home:             /usr/lib/jvm/java-17-openjdk-17.0.7.0.7-3.el8.x86_64
09-Feb-2024 12:54:41.826 INFO [main] org.apache.catalina.startup.VersionLoggerListener.log JVM Version:           17.0.7+7-LTS
09-Feb-2024 12:54:41.826 INFO [main] org.apache.catalina.startup.VersionLoggerListener.log JVM Vendor:            Red Hat, Inc.
09-Feb-2024 12:54:41.826 INFO [main] org.apache.catalina.startup.VersionLoggerListener.log CATALINA_BASE:         /usr/local/tomcat
09-Feb-2024 12:54:41.827 INFO [main] org.apache.catalina.startup.VersionLoggerListener.log CATALINA_HOME:         /usr/local/tomcat
09-Feb-2024 12:54:41.830 INFO [main] org.apache.catalina.core.AprLifecycleListener.lifecycleEvent An older version [1.2.37] of the Apache Tomcat Native library is installed, while Tomcat recommends a minimum version of [2.0.1]
09-Feb-2024 12:54:41.830 INFO [main] org.apache.catalina.core.AprLifecycleListener.lifecycleEvent Loaded Apache Tomcat Native library [1.2.37] using APR version [1.6.3].
09-Feb-2024 12:54:41.832 INFO [main] org.apache.catalina.core.AprLifecycleListener.initializeSSL OpenSSL successfully initialized [OpenSSL 1.1.1k  FIPS 25 Mar 2021]
09-Feb-2024 12:54:42.060 INFO [main] org.apache.coyote.AbstractProtocol.init Initializing ProtocolHandler ["http-nio-8080"]
09-Feb-2024 12:54:42.078 INFO [main] org.apache.catalina.startup.Catalina.load Server initialization in [362] milliseconds
09-Feb-2024 12:54:42.107 INFO [main] org.apache.catalina.core.StandardService.startInternal Starting service [Catalina]
09-Feb-2024 12:54:42.107 INFO [main] org.apache.catalina.core.StandardEngine.startInternal Starting Servlet engine: [Apache Tomcat/10.1.10]
09-Feb-2024 12:54:42.112 INFO [main] org.apache.catalina.startup.HostConfig.deployDirectory Deploying web application directory [/usr/local/tomcat/webapps/alfresco]
09-Feb-2024 12:54:42.285 WARNING [main] org.apache.juli.ClassLoaderLogManager.readConfiguration Reading /usr/local/tomcat/webapps/alfresco/WEB-INF/classes/logging.properties is not permitted. See "per context logging" in the default catalina.policy file.
09-Feb-2024 12:54:42.287 WARNING [main] org.apache.juli.ClassLoaderLogManager.readConfiguration Reading /usr/local/tomcat/webapps/alfresco/WEB-INF/classes/logging.properties is not permitted. See "per context logging" in the default catalina.policy file.
09-Feb-2024 12:54:46.900 INFO [main] org.apache.jasper.servlet.TldScanner.scanJars At least one JAR was scanned for TLDs yet contained no TLDs. Enable debug logging for this logger for a complete list of JARs that were scanned but no TLDs were found in them. Skipping unneeded JARs during scanning can improve startup time and JSP compilation time.
09-Feb-2024 12:54:49.054 SEVERE [main] org.apache.catalina.core.StandardContext.startInternal One or more listeners failed to start. Full details will be found in the appropriate container log file
09-Feb-2024 12:54:49.056 SEVERE [main] org.apache.catalina.core.StandardContext.startInternal Context [/alfresco] startup failed due to previous errors
09-Feb-2024 12:54:49.084 INFO [main] org.apache.catalina.startup.HostConfig.deployDirectory Deployment of web application directory [/usr/local/tomcat/webapps/alfresco] has finished in [6,972] ms
09-Feb-2024 12:54:49.084 INFO [main] org.apache.catalina.startup.HostConfig.deployDirectory Deploying web application directory [/usr/local/tomcat/webapps/api-explorer]
09-Feb-2024 12:54:49.131 INFO [main] org.apache.jasper.servlet.TldScanner.scanJars At least one JAR was scanned for TLDs yet contained no TLDs. Enable debug logging for this logger for a complete list of JARs that were scanned but no TLDs were found in them. Skipping unneeded JARs during scanning can improve startup time and JSP compilation time.
09-Feb-2024 12:54:49.489 INFO [main] org.apache.catalina.startup.HostConfig.deployDirectory Deployment of web application directory [/usr/local/tomcat/webapps/api-explorer] has finished in [405] ms
09-Feb-2024 12:54:49.489 INFO [main] org.apache.catalina.startup.HostConfig.deployDirectory Deploying web application directory [/usr/local/tomcat/webapps/_vti_bin]
09-Feb-2024 12:54:49.553 INFO [main] org.apache.jasper.servlet.TldScanner.scanJars At least one JAR was scanned for TLDs yet contained no TLDs. Enable debug logging for this logger for a complete list of JARs that were scanned but no TLDs were found in them. Skipping unneeded JARs during scanning can improve startup time and JSP compilation time.
09-Feb-2024 12:54:49.554 INFO [main] org.apache.catalina.startup.HostConfig.deployDirectory Deployment of web application directory [/usr/local/tomcat/webapps/_vti_bin] has finished in [65] ms
09-Feb-2024 12:54:49.554 INFO [main] org.apache.catalina.startup.HostConfig.deployDirectory Deploying web application directory [/usr/local/tomcat/webapps/ROOT]
09-Feb-2024 12:54:49.556 WARNING [main] org.apache.tomcat.util.digester.SetPropertiesRule.begin Match [Context] failed to set property [debug] to [100]
09-Feb-2024 12:54:49.599 INFO [main] org.apache.jasper.servlet.TldScanner.scanJars At least one JAR was scanned for TLDs yet contained no TLDs. Enable debug logging for this logger for a complete list of JARs that were scanned but no TLDs were found in them. Skipping unneeded JARs during scanning can improve startup time and JSP compilation time.
09-Feb-2024 12:54:49.600 INFO [main] org.apache.catalina.startup.HostConfig.deployDirectory Deployment of web application directory [/usr/local/tomcat/webapps/ROOT] has finished in [46] ms
09-Feb-2024 12:54:49.602 INFO [main] org.apache.coyote.AbstractProtocol.start Starting ProtocolHandler ["http-nio-8080"]
09-Feb-2024 12:54:49.608 INFO [main] org.apache.catalina.startup.Catalina.start Server startup in [7530] milliseconds
09-Feb-2024 12:55:24.979 INFO [Thread-1] org.apache.coyote.AbstractProtocol.pause Pausing ProtocolHandler ["http-nio-8080"]
09-Feb-2024 12:55:24.981 INFO [Thread-1] org.apache.catalina.core.StandardService.stopInternal Stopping service [Catalina]
09-Feb-2024 12:55:25.002 INFO [Thread-1] org.apache.coyote.AbstractProtocol.stop Stopping ProtocolHandler ["http-nio-8080"]
09-Feb-2024 12:55:25.014 INFO [Thread-1] org.apache.coyote.AbstractProtocol.destroy Destroying ProtocolHandler ["http-nio-8080"]
09-Feb-2024 13:02:12.277 INFO [main] org.apache.catalina.startup.VersionLoggerListener.log Server version name:   Apache Tomcat/10.1.10
09-Feb-2024 13:02:12.280 INFO [main] org.apache.catalina.startup.VersionLoggerListener.log Server built:          Jun 2 2023 18:11:59 UTC
09-Feb-2024 13:02:12.280 INFO [main] org.apache.catalina.startup.VersionLoggerListener.log Server version number: 10.1.10.0
09-Feb-2024 13:02:12.280 INFO [main] org.apache.catalina.startup.VersionLoggerListener.log OS Name:               Linux
09-Feb-2024 13:02:12.280 INFO [main] org.apache.catalina.startup.VersionLoggerListener.log OS Version:            6.4.16-linuxkit
09-Feb-2024 13:02:12.281 INFO [main] org.apache.catalina.startup.VersionLoggerListener.log Architecture:          amd64
09-Feb-2024 13:02:12.283 INFO [main] org.apache.catalina.startup.VersionLoggerListener.log Java Home:             /usr/lib/jvm/java-17-openjdk-17.0.7.0.7-3.el8.x86_64
09-Feb-2024 13:02:12.283 INFO [main] org.apache.catalina.startup.VersionLoggerListener.log JVM Version:           17.0.7+7-LTS
09-Feb-2024 13:02:12.283 INFO [main] org.apache.catalina.startup.VersionLoggerListener.log JVM Vendor:            Red Hat, Inc.
09-Feb-2024 13:02:12.283 INFO [main] org.apache.catalina.startup.VersionLoggerListener.log CATALINA_BASE:         /usr/local/tomcat
09-Feb-2024 13:02:12.283 INFO [main] org.apache.catalina.startup.VersionLoggerListener.log CATALINA_HOME:         /usr/local/tomcat
09-Feb-2024 13:02:12.290 INFO [main] org.apache.catalina.core.AprLifecycleListener.lifecycleEvent An older version [1.2.37] of the Apache Tomcat Native library is installed, while Tomcat recommends a minimum version of [2.0.1]
09-Feb-2024 13:02:12.290 INFO [main] org.apache.catalina.core.AprLifecycleListener.lifecycleEvent Loaded Apache Tomcat Native library [1.2.37] using APR version [1.6.3].
09-Feb-2024 13:02:12.293 INFO [main] org.apache.catalina.core.AprLifecycleListener.initializeSSL OpenSSL successfully initialized [OpenSSL 1.1.1k  FIPS 25 Mar 2021]
09-Feb-2024 13:02:12.538 INFO [main] org.apache.coyote.AbstractProtocol.init Initializing ProtocolHandler ["http-nio-8080"]
09-Feb-2024 13:02:12.556 INFO [main] org.apache.catalina.startup.Catalina.load Server initialization in [447] milliseconds
09-Feb-2024 13:02:12.590 INFO [main] org.apache.catalina.core.StandardService.startInternal Starting service [Catalina]
09-Feb-2024 13:02:12.590 INFO [main] org.apache.catalina.core.StandardEngine.startInternal Starting Servlet engine: [Apache Tomcat/10.1.10]
09-Feb-2024 13:02:12.606 INFO [main] org.apache.catalina.startup.HostConfig.deployDirectory Deploying web application directory [/usr/local/tomcat/webapps/alfresco]
09-Feb-2024 13:02:12.818 WARNING [main] org.apache.juli.ClassLoaderLogManager.readConfiguration Reading /usr/local/tomcat/webapps/alfresco/WEB-INF/classes/logging.properties is not permitted. See "per context logging" in the default catalina.policy file.
09-Feb-2024 13:02:12.820 WARNING [main] org.apache.juli.ClassLoaderLogManager.readConfiguration Reading /usr/local/tomcat/webapps/alfresco/WEB-INF/classes/logging.properties is not permitted. See "per context logging" in the default catalina.policy file.
09-Feb-2024 13:02:18.533 INFO [main] org.apache.jasper.servlet.TldScanner.scanJars At least one JAR was scanned for TLDs yet contained no TLDs. Enable debug logging for this logger for a complete list of JARs that were scanned but no TLDs were found in them. Skipping unneeded JARs during scanning can improve startup time and JSP compilation time.
09-Feb-2024 13:02:25.402 SEVERE [main] org.apache.catalina.core.StandardContext.startInternal One or more listeners failed to start. Full details will be found in the appropriate container log file
09-Feb-2024 13:02:25.485 SEVERE [main] org.apache.catalina.core.StandardContext.startInternal Context [/alfresco] startup failed due to previous errors
09-Feb-2024 13:02:25.506 INFO [main] org.apache.catalina.startup.HostConfig.deployDirectory Deployment of web application directory [/usr/local/tomcat/webapps/alfresco] has finished in [12,900] ms
09-Feb-2024 13:02:25.516 INFO [main] org.apache.catalina.startup.HostConfig.deployDirectory Deploying web application directory [/usr/local/tomcat/webapps/api-explorer]
09-Feb-2024 13:02:25.631 INFO [main] org.apache.jasper.servlet.TldScanner.scanJars At least one JAR was scanned for TLDs yet contained no TLDs. Enable debug logging for this logger for a complete list of JARs that were scanned but no TLDs were found in them. Skipping unneeded JARs during scanning can improve startup time and JSP compilation time.
09-Feb-2024 13:02:26.372 INFO [main] org.apache.catalina.startup.HostConfig.deployDirectory Deployment of web application directory [/usr/local/tomcat/webapps/api-explorer] has finished in [856] ms
09-Feb-2024 13:02:26.372 INFO [main] org.apache.catalina.startup.HostConfig.deployDirectory Deploying web application directory [/usr/local/tomcat/webapps/_vti_bin]
09-Feb-2024 13:02:26.508 INFO [main] org.apache.jasper.servlet.TldScanner.scanJars At least one JAR was scanned for TLDs yet contained no TLDs. Enable debug logging for this logger for a complete list of JARs that were scanned but no TLDs were found in them. Skipping unneeded JARs during scanning can improve startup time and JSP compilation time.
09-Feb-2024 13:02:26.510 INFO [main] org.apache.catalina.startup.HostConfig.deployDirectory Deployment of web application directory [/usr/local/tomcat/webapps/_vti_bin] has finished in [138] ms
09-Feb-2024 13:02:26.510 INFO [main] org.apache.catalina.startup.HostConfig.deployDirectory Deploying web application directory [/usr/local/tomcat/webapps/ROOT]
09-Feb-2024 13:02:26.513 WARNING [main] org.apache.tomcat.util.digester.SetPropertiesRule.begin Match [Context] failed to set property [debug] to [100]
09-Feb-2024 13:02:26.615 INFO [main] org.apache.jasper.servlet.TldScanner.scanJars At least one JAR was scanned for TLDs yet contained no TLDs. Enable debug logging for this logger for a complete list of JARs that were scanned but no TLDs were found in them. Skipping unneeded JARs during scanning can improve startup time and JSP compilation time.
09-Feb-2024 13:02:26.616 INFO [main] org.apache.catalina.startup.HostConfig.deployDirectory Deployment of web application directory [/usr/local/tomcat/webapps/ROOT] has finished in [106] ms
09-Feb-2024 13:02:26.619 INFO [main] org.apache.coyote.AbstractProtocol.start Starting ProtocolHandler ["http-nio-8080"]
09-Feb-2024 13:02:26.631 INFO [main] org.apache.catalina.startup.Catalina.start Server startup in [14073] milliseconds
09-Feb-2024 13:44:53.278 INFO [Thread-1] org.apache.coyote.AbstractProtocol.pause Pausing ProtocolHandler ["http-nio-8080"]
09-Feb-2024 13:44:53.311 INFO [Thread-1] org.apache.catalina.core.StandardService.stopInternal Stopping service [Catalina]
09-Feb-2024 13:44:53.319 INFO [Thread-1] org.apache.coyote.AbstractProtocol.stop Stopping ProtocolHandler ["http-nio-8080"]
09-Feb-2024 13:44:53.322 INFO [Thread-1] org.apache.coyote.AbstractProtocol.destroy Destroying ProtocolHandler ["http-nio-8080"]
09-Feb-2024 13:46:14.617 INFO [main] org.apache.catalina.startup.VersionLoggerListener.log Server version name:   Apache Tomcat/10.1.10
09-Feb-2024 13:46:14.619 INFO [main] org.apache.catalina.startup.VersionLoggerListener.log Server built:          Jun 2 2023 18:11:59 UTC
09-Feb-2024 13:46:14.619 INFO [main] org.apache.catalina.startup.VersionLoggerListener.log Server version number: 10.1.10.0
09-Feb-2024 13:46:14.619 INFO [main] org.apache.catalina.startup.VersionLoggerListener.log OS Name:               Linux
09-Feb-2024 13:46:14.619 INFO [main] org.apache.catalina.startup.VersionLoggerListener.log OS Version:            6.5.0-14-generic
09-Feb-2024 13:46:14.619 INFO [main] org.apache.catalina.startup.VersionLoggerListener.log Architecture:          amd64
09-Feb-2024 13:46:14.620 INFO [main] org.apache.catalina.startup.VersionLoggerListener.log Java Home:             /usr/lib/jvm/java-17-openjdk-17.0.7.0.7-3.el8.x86_64
09-Feb-2024 13:46:14.620 INFO [main] org.apache.catalina.startup.VersionLoggerListener.log JVM Version:           17.0.7+7-LTS
09-Feb-2024 13:46:14.620 INFO [main] org.apache.catalina.startup.VersionLoggerListener.log JVM Vendor:            Red Hat, Inc.
09-Feb-2024 13:46:14.620 INFO [main] org.apache.catalina.startup.VersionLoggerListener.log CATALINA_BASE:         /usr/local/tomcat
09-Feb-2024 13:46:14.620 INFO [main] org.apache.catalina.startup.VersionLoggerListener.log CATALINA_HOME:         /usr/local/tomcat
09-Feb-2024 13:46:14.624 INFO [main] org.apache.catalina.core.AprLifecycleListener.lifecycleEvent An older version [1.2.37] of the Apache Tomcat Native library is installed, while Tomcat recommends a minimum version of [2.0.1]
09-Feb-2024 13:46:14.624 INFO [main] org.apache.catalina.core.AprLifecycleListener.lifecycleEvent Loaded Apache Tomcat Native library [1.2.37] using APR version [1.6.3].
09-Feb-2024 13:46:14.626 INFO [main] org.apache.catalina.core.AprLifecycleListener.initializeSSL OpenSSL successfully initialized [OpenSSL 1.1.1k  FIPS 25 Mar 2021]
09-Feb-2024 13:46:14.869 INFO [main] org.apache.coyote.AbstractProtocol.init Initializing ProtocolHandler ["http-nio-8080"]
09-Feb-2024 13:46:14.886 INFO [main] org.apache.catalina.startup.Catalina.load Server initialization in [389] milliseconds
09-Feb-2024 13:46:14.915 INFO [main] org.apache.catalina.core.StandardService.startInternal Starting service [Catalina]
09-Feb-2024 13:46:14.916 INFO [main] org.apache.catalina.core.StandardEngine.startInternal Starting Servlet engine: [Apache Tomcat/10.1.10]
09-Feb-2024 13:46:14.921 INFO [main] org.apache.catalina.startup.HostConfig.deployDirectory Deploying web application directory [/usr/local/tomcat/webapps/alfresco]
09-Feb-2024 13:46:15.082 WARNING [main] org.apache.juli.ClassLoaderLogManager.readConfiguration Reading /usr/local/tomcat/webapps/alfresco/WEB-INF/classes/logging.properties is not permitted. See "per context logging" in the default catalina.policy file.
09-Feb-2024 13:46:15.085 WARNING [main] org.apache.juli.ClassLoaderLogManager.readConfiguration Reading /usr/local/tomcat/webapps/alfresco/WEB-INF/classes/logging.properties is not permitted. See "per context logging" in the default catalina.policy file.
09-Feb-2024 13:46:19.772 INFO [main] org.apache.jasper.servlet.TldScanner.scanJars At least one JAR was scanned for TLDs yet contained no TLDs. Enable debug logging for this logger for a complete list of JARs that were scanned but no TLDs were found in them. Skipping unneeded JARs during scanning can improve startup time and JSP compilation time.
09-Feb-2024 13:46:21.880 SEVERE [main] org.apache.catalina.core.StandardContext.startInternal One or more listeners failed to start. Full details will be found in the appropriate container log file
09-Feb-2024 13:46:21.881 SEVERE [main] org.apache.catalina.core.StandardContext.startInternal Context [/alfresco] startup failed due to previous errors
09-Feb-2024 13:46:21.904 INFO [main] org.apache.catalina.startup.HostConfig.deployDirectory Deployment of web application directory [/usr/local/tomcat/webapps/alfresco] has finished in [6,983] ms
09-Feb-2024 13:46:21.904 INFO [main] org.apache.catalina.startup.HostConfig.deployDirectory Deploying web application directory [/usr/local/tomcat/webapps/api-explorer]
09-Feb-2024 13:46:21.959 INFO [main] org.apache.jasper.servlet.TldScanner.scanJars At least one JAR was scanned for TLDs yet contained no TLDs. Enable debug logging for this logger for a complete list of JARs that were scanned but no TLDs were found in them. Skipping unneeded JARs during scanning can improve startup time and JSP compilation time.
09-Feb-2024 13:46:21.992 INFO [main] org.apache.catalina.startup.HostConfig.deployDirectory Deployment of web application directory [/usr/local/tomcat/webapps/api-explorer] has finished in [88] ms
09-Feb-2024 13:46:21.992 INFO [main] org.apache.catalina.startup.HostConfig.deployDirectory Deploying web application directory [/usr/local/tomcat/webapps/_vti_bin]
09-Feb-2024 13:46:22.057 INFO [main] org.apache.jasper.servlet.TldScanner.scanJars At least one JAR was scanned for TLDs yet contained no TLDs. Enable debug logging for this logger for a complete list of JARs that were scanned but no TLDs were found in them. Skipping unneeded JARs during scanning can improve startup time and JSP compilation time.
09-Feb-2024 13:46:22.059 INFO [main] org.apache.catalina.startup.HostConfig.deployDirectory Deployment of web application directory [/usr/local/tomcat/webapps/_vti_bin] has finished in [67] ms
09-Feb-2024 13:46:22.059 INFO [main] org.apache.catalina.startup.HostConfig.deployDirectory Deploying web application directory [/usr/local/tomcat/webapps/ROOT]
09-Feb-2024 13:46:22.061 WARNING [main] org.apache.tomcat.util.digester.SetPropertiesRule.begin Match [Context] failed to set property [debug] to [100]
09-Feb-2024 13:46:22.100 INFO [main] org.apache.jasper.servlet.TldScanner.scanJars At least one JAR was scanned for TLDs yet contained no TLDs. Enable debug logging for this logger for a complete list of JARs that were scanned but no TLDs were found in them. Skipping unneeded JARs during scanning can improve startup time and JSP compilation time.
09-Feb-2024 13:46:22.101 INFO [main] org.apache.catalina.startup.HostConfig.deployDirectory Deployment of web application directory [/usr/local/tomcat/webapps/ROOT] has finished in [42] ms
09-Feb-2024 13:46:22.104 INFO [main] org.apache.coyote.AbstractProtocol.start Starting ProtocolHandler ["http-nio-8080"]
09-Feb-2024 13:46:22.109 INFO [main] org.apache.catalina.startup.Catalina.start Server startup in [7222] milliseconds
09-Feb-2024 13:53:42.887 INFO [Thread-1] org.apache.coyote.AbstractProtocol.pause Pausing ProtocolHandler ["http-nio-8080"]
09-Feb-2024 13:53:42.888 INFO [Thread-1] org.apache.catalina.core.StandardService.stopInternal Stopping service [Catalina]
09-Feb-2024 13:53:42.904 INFO [Thread-1] org.apache.coyote.AbstractProtocol.stop Stopping ProtocolHandler ["http-nio-8080"]
09-Feb-2024 13:53:42.912 INFO [Thread-1] org.apache.coyote.AbstractProtocol.destroy Destroying ProtocolHandler ["http-nio-8080"]
09-Feb-2024 13:57:07.005 INFO [main] org.apache.catalina.startup.VersionLoggerListener.log Server version name:   Apache Tomcat/10.1.10
09-Feb-2024 13:57:07.007 INFO [main] org.apache.catalina.startup.VersionLoggerListener.log Server built:          Jun 2 2023 18:11:59 UTC
09-Feb-2024 13:57:07.007 INFO [main] org.apache.catalina.startup.VersionLoggerListener.log Server version number: 10.1.10.0
09-Feb-2024 13:57:07.007 INFO [main] org.apache.catalina.startup.VersionLoggerListener.log OS Name:               Linux
09-Feb-2024 13:57:07.007 INFO [main] org.apache.catalina.startup.VersionLoggerListener.log OS Version:            6.4.16-linuxkit
09-Feb-2024 13:57:07.007 INFO [main] org.apache.catalina.startup.VersionLoggerListener.log Architecture:          amd64
09-Feb-2024 13:57:07.007 INFO [main] org.apache.catalina.startup.VersionLoggerListener.log Java Home:             /usr/lib/jvm/java-17-openjdk-17.0.7.0.7-3.el8.x86_64
09-Feb-2024 13:57:07.007 INFO [main] org.apache.catalina.startup.VersionLoggerListener.log JVM Version:           17.0.7+7-LTS
09-Feb-2024 13:57:07.008 INFO [main] org.apache.catalina.startup.VersionLoggerListener.log JVM Vendor:            Red Hat, Inc.
09-Feb-2024 13:57:07.008 INFO [main] org.apache.catalina.startup.VersionLoggerListener.log CATALINA_BASE:         /usr/local/tomcat
09-Feb-2024 13:57:07.009 INFO [main] org.apache.catalina.startup.VersionLoggerListener.log CATALINA_HOME:         /usr/local/tomcat
09-Feb-2024 13:57:07.015 INFO [main] org.apache.catalina.core.AprLifecycleListener.lifecycleEvent An older version [1.2.37] of the Apache Tomcat Native library is installed, while Tomcat recommends a minimum version of [2.0.1]
09-Feb-2024 13:57:07.015 INFO [main] org.apache.catalina.core.AprLifecycleListener.lifecycleEvent Loaded Apache Tomcat Native library [1.2.37] using APR version [1.6.3].
09-Feb-2024 13:57:07.017 INFO [main] org.apache.catalina.core.AprLifecycleListener.initializeSSL OpenSSL successfully initialized [OpenSSL 1.1.1k  FIPS 25 Mar 2021]
09-Feb-2024 13:57:07.212 INFO [main] org.apache.coyote.AbstractProtocol.init Initializing ProtocolHandler ["http-nio-8080"]
09-Feb-2024 13:57:07.231 INFO [main] org.apache.catalina.startup.Catalina.load Server initialization in [377] milliseconds
09-Feb-2024 13:57:07.264 INFO [main] org.apache.catalina.core.StandardService.startInternal Starting service [Catalina]
09-Feb-2024 13:57:07.264 INFO [main] org.apache.catalina.core.StandardEngine.startInternal Starting Servlet engine: [Apache Tomcat/10.1.10]
09-Feb-2024 13:57:07.272 INFO [main] org.apache.catalina.startup.HostConfig.deployDirectory Deploying web application directory [/usr/local/tomcat/webapps/alfresco]
09-Feb-2024 13:57:07.584 WARNING [main] org.apache.juli.ClassLoaderLogManager.readConfiguration Reading /usr/local/tomcat/webapps/alfresco/WEB-INF/classes/logging.properties is not permitted. See "per context logging" in the default catalina.policy file.
09-Feb-2024 13:57:07.586 WARNING [main] org.apache.juli.ClassLoaderLogManager.readConfiguration Reading /usr/local/tomcat/webapps/alfresco/WEB-INF/classes/logging.properties is not permitted. See "per context logging" in the default catalina.policy file.
09-Feb-2024 13:57:15.313 INFO [main] org.apache.jasper.servlet.TldScanner.scanJars At least one JAR was scanned for TLDs yet contained no TLDs. Enable debug logging for this logger for a complete list of JARs that were scanned but no TLDs were found in them. Skipping unneeded JARs during scanning can improve startup time and JSP compilation time.
09-Feb-2024 13:57:17.618 SEVERE [main] org.apache.catalina.core.StandardContext.startInternal One or more listeners failed to start. Full details will be found in the appropriate container log file
09-Feb-2024 13:57:17.620 SEVERE [main] org.apache.catalina.core.StandardContext.startInternal Context [/alfresco] startup failed due to previous errors
09-Feb-2024 13:57:17.642 INFO [main] org.apache.catalina.startup.HostConfig.deployDirectory Deployment of web application directory [/usr/local/tomcat/webapps/alfresco] has finished in [10,369] ms
09-Feb-2024 13:57:17.642 INFO [main] org.apache.catalina.startup.HostConfig.deployDirectory Deploying web application directory [/usr/local/tomcat/webapps/api-explorer]
09-Feb-2024 13:57:17.690 INFO [main] org.apache.jasper.servlet.TldScanner.scanJars At least one JAR was scanned for TLDs yet contained no TLDs. Enable debug logging for this logger for a complete list of JARs that were scanned but no TLDs were found in them. Skipping unneeded JARs during scanning can improve startup time and JSP compilation time.
09-Feb-2024 13:57:17.721 INFO [main] org.apache.catalina.startup.HostConfig.deployDirectory Deployment of web application directory [/usr/local/tomcat/webapps/api-explorer] has finished in [79] ms
09-Feb-2024 13:57:17.721 INFO [main] org.apache.catalina.startup.HostConfig.deployDirectory Deploying web application directory [/usr/local/tomcat/webapps/_vti_bin]
09-Feb-2024 13:57:17.785 INFO [main] org.apache.jasper.servlet.TldScanner.scanJars At least one JAR was scanned for TLDs yet contained no TLDs. Enable debug logging for this logger for a complete list of JARs that were scanned but no TLDs were found in them. Skipping unneeded JARs during scanning can improve startup time and JSP compilation time.
09-Feb-2024 13:57:17.787 INFO [main] org.apache.catalina.startup.HostConfig.deployDirectory Deployment of web application directory [/usr/local/tomcat/webapps/_vti_bin] has finished in [66] ms
09-Feb-2024 13:57:17.787 INFO [main] org.apache.catalina.startup.HostConfig.deployDirectory Deploying web application directory [/usr/local/tomcat/webapps/ROOT]
09-Feb-2024 13:57:17.789 WARNING [main] org.apache.tomcat.util.digester.SetPropertiesRule.begin Match [Context] failed to set property [debug] to [100]
09-Feb-2024 13:57:17.830 INFO [main] org.apache.jasper.servlet.TldScanner.scanJars At least one JAR was scanned for TLDs yet contained no TLDs. Enable debug logging for this logger for a complete list of JARs that were scanned but no TLDs were found in them. Skipping unneeded JARs during scanning can improve startup time and JSP compilation time.
09-Feb-2024 13:57:17.831 INFO [main] org.apache.catalina.startup.HostConfig.deployDirectory Deployment of web application directory [/usr/local/tomcat/webapps/ROOT] has finished in [44] ms
09-Feb-2024 13:57:17.833 INFO [main] org.apache.coyote.AbstractProtocol.start Starting ProtocolHandler ["http-nio-8080"]
09-Feb-2024 13:57:17.844 INFO [main] org.apache.catalina.startup.Catalina.start Server startup in [10613] milliseconds
09-Feb-2024 14:03:25.613 INFO [Thread-1] org.apache.coyote.AbstractProtocol.pause Pausing ProtocolHandler ["http-nio-8080"]
09-Feb-2024 14:03:25.616 INFO [Thread-1] org.apache.catalina.core.StandardService.stopInternal Stopping service [Catalina]
09-Feb-2024 14:03:25.623 INFO [Thread-1] org.apache.coyote.AbstractProtocol.stop Stopping ProtocolHandler ["http-nio-8080"]
09-Feb-2024 14:03:25.626 INFO [Thread-1] org.apache.coyote.AbstractProtocol.destroy Destroying ProtocolHandler ["http-nio-8080"]
